2019-04-16 21:59:52,658 [Worker-0] INFO  c.g.t.t.d.PublishedGradleVersions - Gradle version information cache is out-of-date. Trying to update.
2019-04-16 22:00:42,980 [Worker-2] INFO  o.e.m.c.i.l.LifecycleMappingFactory - Using org.eclipse.m2e.jdt.JarLifecycleMapping lifecycle mapping for MavenProject: edu.kis.powp:jobs2d:0.0.3-SNAPSHOT @ C:\Users\monik\Desktop\powp\powp_jobs2d_project\pom.xml.
2019-04-16 22:00:45,191 [Worker-2] INFO  o.e.m.j.i.AbstractJavaProjectConfigurator - Adding source folder /powp_jobs2d_project/src/main/java
2019-04-16 22:00:45,239 [Worker-2] INFO  o.e.m.j.i.AbstractJavaProjectConfigurator - Adding source folder /powp_jobs2d_project/src/test/java
2019-04-16 22:00:47,798 [Worker-2] INFO  o.e.m.c.i.p.ProjectConfigurationManager - Imported and configured 1 project(s) in 11 sec
2019-04-16 22:00:49,714 [Worker-18] WARN  o.e.m.c.i.embedder.EclipseLogger - Using platform encoding (Cp1250 actually) to copy filtered resources, i.e. build is platform dependent!
2019-04-16 22:00:49,755 [Worker-18] INFO  o.e.m.c.i.embedder.EclipseLogger - skip non existing resourceDirectory C:\Users\monik\Desktop\powp\powp_jobs2d_project\src\main\resources
2019-04-16 22:00:49,760 [Worker-18] WARN  o.e.m.c.i.embedder.EclipseLogger - Using platform encoding (Cp1250 actually) to copy filtered resources, i.e. build is platform dependent!
2019-04-16 22:00:49,773 [Worker-18] INFO  o.e.m.c.i.embedder.EclipseLogger - skip non existing resourceDirectory C:\Users\monik\Desktop\powp\powp_jobs2d_project\src\test\resources
2019-04-16 22:02:38,266 [Worker-15] INFO  o.e.m.c.i.l.LifecycleMappingFactory - Using org.eclipse.m2e.jdt.JarLifecycleMapping lifecycle mapping for MavenProject: edu.kis.powp:jobs2d:0.0.3-SNAPSHOT @ C:\Users\monik\Desktop\powp\powp_jobs2d_project\pom.xml.
2019-04-16 22:02:38,538 [Worker-15] INFO  o.e.m.j.i.AbstractJavaProjectConfigurator - Adding source folder /powp_jobs2d_project/src/main/java
2019-04-16 22:02:38,538 [Worker-15] INFO  o.e.m.j.i.AbstractJavaProjectConfigurator - Adding source folder /powp_jobs2d_project/src/test/java
2019-04-16 22:02:38,606 [Worker-15] INFO  o.e.m.c.i.p.ProjectConfigurationManager - Imported and configured 1 project(s) in 1 sec
2019-04-16 22:02:39,378 [Worker-15] WARN  o.e.m.c.i.embedder.EclipseLogger - Using platform encoding (Cp1250 actually) to copy filtered resources, i.e. build is platform dependent!
2019-04-16 22:02:39,418 [Worker-15] INFO  o.e.m.c.i.embedder.EclipseLogger - skip non existing resourceDirectory C:\Users\monik\Desktop\powp\powp_jobs2d_project\src\main\resources
2019-04-16 22:02:39,421 [Worker-15] WARN  o.e.m.c.i.embedder.EclipseLogger - Using platform encoding (Cp1250 actually) to copy filtered resources, i.e. build is platform dependent!
2019-04-16 22:02:39,447 [Worker-15] INFO  o.e.m.c.i.embedder.EclipseLogger - skip non existing resourceDirectory C:\Users\monik\Desktop\powp\powp_jobs2d_project\src\test\resources
2019-04-16 22:04:47,907 [Worker-3] INFO  c.g.t.t.d.PublishedGradleVersions - Gradle version information cache is up-to-date. Trying to read.
2019-04-16 22:05:47,374 [Worker-4] INFO  o.e.m.c.i.l.LifecycleMappingFactory - Using org.eclipse.m2e.jdt.JarLifecycleMapping lifecycle mapping for MavenProject: edu.kis.powp:jobs2d:0.0.3-SNAPSHOT @ C:\Users\monik\Desktop\powp\powp_jobs2d_project\pom.xml.
2019-04-16 22:05:48,030 [Worker-4] INFO  o.e.m.j.i.AbstractJavaProjectConfigurator - Adding source folder /powp_jobs2d_project/src/main/java
2019-04-16 22:05:48,030 [Worker-4] INFO  o.e.m.j.i.AbstractJavaProjectConfigurator - Adding source folder /powp_jobs2d_project/src/test/java
2019-04-16 22:05:48,167 [Worker-4] INFO  o.e.m.c.i.p.ProjectConfigurationManager - Imported and configured 1 project(s) in 2 sec
2019-04-16 22:05:52,603 [Worker-15] WARN  o.e.m.c.i.embedder.EclipseLogger - Using platform encoding (Cp1250 actually) to copy filtered resources, i.e. build is platform dependent!
2019-04-16 22:05:52,704 [Worker-15] INFO  o.e.m.c.i.embedder.EclipseLogger - skip non existing resourceDirectory C:\Users\monik\Desktop\powp\powp_jobs2d_project\src\main\resources
2019-04-16 22:05:52,705 [Worker-15] WARN  o.e.m.c.i.embedder.EclipseLogger - Using platform encoding (Cp1250 actually) to copy filtered resources, i.e. build is platform dependent!
2019-04-16 22:05:52,715 [Worker-15] INFO  o.e.m.c.i.embedder.EclipseLogger - skip non existing resourceDirectory C:\Users\monik\Desktop\powp\powp_jobs2d_project\src\test\resources
2019-04-16 22:18:24,764 [Worker-16] INFO  o.e.m.c.i.e.AbstractTransferListenerAdapter - Downloaded https://repo.maven.apache.org/maven2/edu/kis/legacy/drawer/1.0.0/drawer-1.0.0-sources.jar
2019-04-16 22:18:24,783 [Worker-16] ERROR o.e.m.j.internal.DownloadSourcesJob - Could not download sources for edu.kis.legacy:drawer:1.0.0
org.eclipse.core.runtime.CoreException: Could not resolve artifact edu.kis.legacy:drawer:jar:sources:1.0.0
	at org.eclipse.m2e.core.internal.embedder.MavenImpl$5.call(MavenImpl.java:776) ~[org.eclipse.m2e.core_1.8.3.20180227-2137.jar:na]
	at org.eclipse.m2e.core.internal.embedder.MavenImpl$5.call(MavenImpl.java:1) ~[org.eclipse.m2e.core_1.8.3.20180227-2137.jar:na]
	at org.eclipse.m2e.core.internal.embedder.MavenExecutionContext.executeBare(MavenExecutionContext.java:177) [org.eclipse.m2e.core_1.8.3.20180227-2137.jar:na]
	at org.eclipse.m2e.core.internal.embedder.MavenExecutionContext.execute(MavenExecutionContext.java:112) [org.eclipse.m2e.core_1.8.3.20180227-2137.jar:na]
	at org.eclipse.m2e.core.internal.embedder.MavenExecutionContext.execute(MavenExecutionContext.java:99) [org.eclipse.m2e.core_1.8.3.20180227-2137.jar:na]
	at org.eclipse.m2e.core.internal.embedder.MavenImpl.resolve(MavenImpl.java:743) [org.eclipse.m2e.core_1.8.3.20180227-2137.jar:na]
	at org.eclipse.m2e.core.internal.embedder.MavenImpl.resolve(MavenImpl.java:720) [org.eclipse.m2e.core_1.8.3.20180227-2137.jar:na]
	at org.eclipse.m2e.jdt.internal.DownloadSourcesJob.download(DownloadSourcesJob.java:264) [org.eclipse.m2e.jdt_1.8.3.20180227-2137.jar:na]
	at org.eclipse.m2e.jdt.internal.DownloadSourcesJob.downloadAttachments(DownloadSourcesJob.java:243) [org.eclipse.m2e.jdt_1.8.3.20180227-2137.jar:na]
	at org.eclipse.m2e.jdt.internal.DownloadSourcesJob.downloadMaven(DownloadSourcesJob.java:217) [org.eclipse.m2e.jdt_1.8.3.20180227-2137.jar:na]
	at org.eclipse.m2e.jdt.internal.DownloadSourcesJob.run(DownloadSourcesJob.java:161) [org.eclipse.m2e.jdt_1.8.3.20180227-2137.jar:na]
	at org.eclipse.m2e.jdt.internal.DownloadSourcesJob$1.call(DownloadSourcesJob.java:137) [org.eclipse.m2e.jdt_1.8.3.20180227-2137.jar:na]
	at org.eclipse.m2e.jdt.internal.DownloadSourcesJob$1.call(DownloadSourcesJob.java:1) [org.eclipse.m2e.jdt_1.8.3.20180227-2137.jar:na]
	at org.eclipse.m2e.core.internal.embedder.MavenExecutionContext.executeBare(MavenExecutionContext.java:177) [org.eclipse.m2e.core_1.8.3.20180227-2137.jar:na]
	at org.eclipse.m2e.core.internal.embedder.MavenExecutionContext.execute(MavenExecutionContext.java:151) [org.eclipse.m2e.core_1.8.3.20180227-2137.jar:na]
	at org.eclipse.m2e.core.internal.embedder.MavenExecutionContext.execute(MavenExecutionContext.java:99) [org.eclipse.m2e.core_1.8.3.20180227-2137.jar:na]
	at org.eclipse.m2e.core.internal.embedder.MavenImpl.execute(MavenImpl.java:1355) [org.eclipse.m2e.core_1.8.3.20180227-2137.jar:na]
	at org.eclipse.m2e.jdt.internal.DownloadSourcesJob.run(DownloadSourcesJob.java:135) [org.eclipse.m2e.jdt_1.8.3.20180227-2137.jar:na]
	at org.eclipse.core.internal.jobs.Worker.run(Worker.java:56) [org.eclipse.core.jobs_3.9.3.v20180115-1757.jar:na]
2019-04-16 22:18:25,015 [Worker-8] WARN  o.e.m.c.i.embedder.EclipseLogger - Using platform encoding (Cp1250 actually) to copy filtered resources, i.e. build is platform dependent!
2019-04-16 22:18:25,028 [Worker-8] INFO  o.e.m.c.i.embedder.EclipseLogger - skip non existing resourceDirectory C:\Users\monik\Desktop\powp\powp_jobs2d_project\src\main\resources
2019-04-16 22:18:25,032 [Worker-8] WARN  o.e.m.c.i.embedder.EclipseLogger - Using platform encoding (Cp1250 actually) to copy filtered resources, i.e. build is platform dependent!
2019-04-16 22:18:25,044 [Worker-8] INFO  o.e.m.c.i.embedder.EclipseLogger - skip non existing resourceDirectory C:\Users\monik\Desktop\powp\powp_jobs2d_project\src\test\resources
2019-04-16 22:19:19,626 [Worker-3] INFO  o.e.m.c.i.e.AbstractTransferListenerAdapter - Downloaded https://repo.maven.apache.org/maven2/edu/kis/powp/jobs2d/jobs2dmagic/1.0.0/jobs2dmagic-1.0.0-sources.jar
2019-04-16 22:19:19,648 [Worker-3] ERROR o.e.m.j.internal.DownloadSourcesJob - Could not download sources for edu.kis.powp.jobs2d:jobs2dmagic:1.0.0
org.eclipse.core.runtime.CoreException: Could not resolve artifact edu.kis.powp.jobs2d:jobs2dmagic:jar:sources:1.0.0
	at org.eclipse.m2e.core.internal.embedder.MavenImpl$5.call(MavenImpl.java:776) ~[org.eclipse.m2e.core_1.8.3.20180227-2137.jar:na]
	at org.eclipse.m2e.core.internal.embedder.MavenImpl$5.call(MavenImpl.java:1) ~[org.eclipse.m2e.core_1.8.3.20180227-2137.jar:na]
	at org.eclipse.m2e.core.internal.embedder.MavenExecutionContext.executeBare(MavenExecutionContext.java:177) [org.eclipse.m2e.core_1.8.3.20180227-2137.jar:na]
	at org.eclipse.m2e.core.internal.embedder.MavenExecutionContext.execute(MavenExecutionContext.java:112) [org.eclipse.m2e.core_1.8.3.20180227-2137.jar:na]
	at org.eclipse.m2e.core.internal.embedder.MavenExecutionContext.execute(MavenExecutionContext.java:99) [org.eclipse.m2e.core_1.8.3.20180227-2137.jar:na]
	at org.eclipse.m2e.core.internal.embedder.MavenImpl.resolve(MavenImpl.java:743) [org.eclipse.m2e.core_1.8.3.20180227-2137.jar:na]
	at org.eclipse.m2e.core.internal.embedder.MavenImpl.resolve(MavenImpl.java:720) [org.eclipse.m2e.core_1.8.3.20180227-2137.jar:na]
	at org.eclipse.m2e.jdt.internal.DownloadSourcesJob.download(DownloadSourcesJob.java:264) [org.eclipse.m2e.jdt_1.8.3.20180227-2137.jar:na]
	at org.eclipse.m2e.jdt.internal.DownloadSourcesJob.downloadAttachments(DownloadSourcesJob.java:243) [org.eclipse.m2e.jdt_1.8.3.20180227-2137.jar:na]
	at org.eclipse.m2e.jdt.internal.DownloadSourcesJob.downloadMaven(DownloadSourcesJob.java:217) [org.eclipse.m2e.jdt_1.8.3.20180227-2137.jar:na]
	at org.eclipse.m2e.jdt.internal.DownloadSourcesJob.run(DownloadSourcesJob.java:161) [org.eclipse.m2e.jdt_1.8.3.20180227-2137.jar:na]
	at org.eclipse.m2e.jdt.internal.DownloadSourcesJob$1.call(DownloadSourcesJob.java:137) [org.eclipse.m2e.jdt_1.8.3.20180227-2137.jar:na]
	at org.eclipse.m2e.jdt.internal.DownloadSourcesJob$1.call(DownloadSourcesJob.java:1) [org.eclipse.m2e.jdt_1.8.3.20180227-2137.jar:na]
	at org.eclipse.m2e.core.internal.embedder.MavenExecutionContext.executeBare(MavenExecutionContext.java:177) [org.eclipse.m2e.core_1.8.3.20180227-2137.jar:na]
	at org.eclipse.m2e.core.internal.embedder.MavenExecutionContext.execute(MavenExecutionContext.java:151) [org.eclipse.m2e.core_1.8.3.20180227-2137.jar:na]
	at org.eclipse.m2e.core.internal.embedder.MavenExecutionContext.execute(MavenExecutionContext.java:99) [org.eclipse.m2e.core_1.8.3.20180227-2137.jar:na]
	at org.eclipse.m2e.core.internal.embedder.MavenImpl.execute(MavenImpl.java:1355) [org.eclipse.m2e.core_1.8.3.20180227-2137.jar:na]
	at org.eclipse.m2e.jdt.internal.DownloadSourcesJob.run(DownloadSourcesJob.java:135) [org.eclipse.m2e.jdt_1.8.3.20180227-2137.jar:na]
	at org.eclipse.core.internal.jobs.Worker.run(Worker.java:56) [org.eclipse.core.jobs_3.9.3.v20180115-1757.jar:na]
2019-04-16 22:19:19,824 [Worker-17] WARN  o.e.m.c.i.embedder.EclipseLogger - Using platform encoding (Cp1250 actually) to copy filtered resources, i.e. build is platform dependent!
2019-04-16 22:19:19,837 [Worker-17] INFO  o.e.m.c.i.embedder.EclipseLogger - skip non existing resourceDirectory C:\Users\monik\Desktop\powp\powp_jobs2d_project\src\main\resources
2019-04-16 22:19:19,838 [Worker-17] WARN  o.e.m.c.i.embedder.EclipseLogger - Using platform encoding (Cp1250 actually) to copy filtered resources, i.e. build is platform dependent!
2019-04-16 22:19:19,853 [Worker-17] INFO  o.e.m.c.i.embedder.EclipseLogger - skip non existing resourceDirectory C:\Users\monik\Desktop\powp\powp_jobs2d_project\src\test\resources
2019-04-16 22:32:22,065 [Worker-16] INFO  o.e.m.c.i.e.AbstractTransferListenerAdapter - Downloaded https://repo.maven.apache.org/maven2/edu/kis/powp/appbase/1.0.0/appbase-1.0.0-sources.jar
2019-04-16 22:32:22,081 [Worker-16] ERROR o.e.m.j.internal.DownloadSourcesJob - Could not download sources for edu.kis.powp:appbase:1.0.0
org.eclipse.core.runtime.CoreException: Could not resolve artifact edu.kis.powp:appbase:jar:sources:1.0.0
	at org.eclipse.m2e.core.internal.embedder.MavenImpl$5.call(MavenImpl.java:776) ~[org.eclipse.m2e.core_1.8.3.20180227-2137.jar:na]
	at org.eclipse.m2e.core.internal.embedder.MavenImpl$5.call(MavenImpl.java:1) ~[org.eclipse.m2e.core_1.8.3.20180227-2137.jar:na]
	at org.eclipse.m2e.core.internal.embedder.MavenExecutionContext.executeBare(MavenExecutionContext.java:177) [org.eclipse.m2e.core_1.8.3.20180227-2137.jar:na]
	at org.eclipse.m2e.core.internal.embedder.MavenExecutionContext.execute(MavenExecutionContext.java:112) [org.eclipse.m2e.core_1.8.3.20180227-2137.jar:na]
	at org.eclipse.m2e.core.internal.embedder.MavenExecutionContext.execute(MavenExecutionContext.java:99) [org.eclipse.m2e.core_1.8.3.20180227-2137.jar:na]
	at org.eclipse.m2e.core.internal.embedder.MavenImpl.resolve(MavenImpl.java:743) [org.eclipse.m2e.core_1.8.3.20180227-2137.jar:na]
	at org.eclipse.m2e.core.internal.embedder.MavenImpl.resolve(MavenImpl.java:720) [org.eclipse.m2e.core_1.8.3.20180227-2137.jar:na]
	at org.eclipse.m2e.jdt.internal.DownloadSourcesJob.download(DownloadSourcesJob.java:264) [org.eclipse.m2e.jdt_1.8.3.20180227-2137.jar:na]
	at org.eclipse.m2e.jdt.internal.DownloadSourcesJob.downloadAttachments(DownloadSourcesJob.java:243) [org.eclipse.m2e.jdt_1.8.3.20180227-2137.jar:na]
	at org.eclipse.m2e.jdt.internal.DownloadSourcesJob.downloadMaven(DownloadSourcesJob.java:217) [org.eclipse.m2e.jdt_1.8.3.20180227-2137.jar:na]
	at org.eclipse.m2e.jdt.internal.DownloadSourcesJob.run(DownloadSourcesJob.java:161) [org.eclipse.m2e.jdt_1.8.3.20180227-2137.jar:na]
	at org.eclipse.m2e.jdt.internal.DownloadSourcesJob$1.call(DownloadSourcesJob.java:137) [org.eclipse.m2e.jdt_1.8.3.20180227-2137.jar:na]
	at org.eclipse.m2e.jdt.internal.DownloadSourcesJob$1.call(DownloadSourcesJob.java:1) [org.eclipse.m2e.jdt_1.8.3.20180227-2137.jar:na]
	at org.eclipse.m2e.core.internal.embedder.MavenExecutionContext.executeBare(MavenExecutionContext.java:177) [org.eclipse.m2e.core_1.8.3.20180227-2137.jar:na]
	at org.eclipse.m2e.core.internal.embedder.MavenExecutionContext.execute(MavenExecutionContext.java:151) [org.eclipse.m2e.core_1.8.3.20180227-2137.jar:na]
	at org.eclipse.m2e.core.internal.embedder.MavenExecutionContext.execute(MavenExecutionContext.java:99) [org.eclipse.m2e.core_1.8.3.20180227-2137.jar:na]
	at org.eclipse.m2e.core.internal.embedder.MavenImpl.execute(MavenImpl.java:1355) [org.eclipse.m2e.core_1.8.3.20180227-2137.jar:na]
	at org.eclipse.m2e.jdt.internal.DownloadSourcesJob.run(DownloadSourcesJob.java:135) [org.eclipse.m2e.jdt_1.8.3.20180227-2137.jar:na]
	at org.eclipse.core.internal.jobs.Worker.run(Worker.java:56) [org.eclipse.core.jobs_3.9.3.v20180115-1757.jar:na]
2019-04-16 22:32:22,251 [Worker-3] WARN  o.e.m.c.i.embedder.EclipseLogger - Using platform encoding (Cp1250 actually) to copy filtered resources, i.e. build is platform dependent!
2019-04-16 22:32:22,268 [Worker-3] INFO  o.e.m.c.i.embedder.EclipseLogger - skip non existing resourceDirectory C:\Users\monik\Desktop\powp\powp_jobs2d_project\src\main\resources
2019-04-16 22:32:22,284 [Worker-3] WARN  o.e.m.c.i.embedder.EclipseLogger - Using platform encoding (Cp1250 actually) to copy filtered resources, i.e. build is platform dependent!
2019-04-16 22:32:22,312 [Worker-3] INFO  o.e.m.c.i.embedder.EclipseLogger - skip non existing resourceDirectory C:\Users\monik\Desktop\powp\powp_jobs2d_project\src\test\resources
2019-04-17 20:12:08,074 [Worker-26] WARN  o.e.m.c.i.embedder.EclipseLogger - Using platform encoding (Cp1250 actually) to copy filtered resources, i.e. build is platform dependent!
2019-04-17 20:12:08,077 [Worker-26] INFO  o.e.m.c.i.embedder.EclipseLogger - skip non existing resourceDirectory C:\Users\monik\Desktop\powp\powp_jobs2d_project\src\main\resources
2019-04-17 20:12:08,089 [Worker-26] WARN  o.e.m.c.i.embedder.EclipseLogger - Using platform encoding (Cp1250 actually) to copy filtered resources, i.e. build is platform dependent!
2019-04-17 20:12:08,101 [Worker-26] INFO  o.e.m.c.i.embedder.EclipseLogger - skip non existing resourceDirectory C:\Users\monik\Desktop\powp\powp_jobs2d_project\src\test\resources
2019-04-17 20:16:24,147 [Worker-24] WARN  o.e.m.c.i.embedder.EclipseLogger - Using platform encoding (Cp1250 actually) to copy filtered resources, i.e. build is platform dependent!
2019-04-17 20:16:24,160 [Worker-24] INFO  o.e.m.c.i.embedder.EclipseLogger - skip non existing resourceDirectory C:\Users\monik\Desktop\powp\powp_jobs2d_project\src\main\resources
2019-04-17 20:16:24,173 [Worker-24] WARN  o.e.m.c.i.embedder.EclipseLogger - Using platform encoding (Cp1250 actually) to copy filtered resources, i.e. build is platform dependent!
2019-04-17 20:16:24,189 [Worker-24] INFO  o.e.m.c.i.embedder.EclipseLogger - skip non existing resourceDirectory C:\Users\monik\Desktop\powp\powp_jobs2d_project\src\test\resources
2019-04-17 20:16:50,987 [Worker-26] WARN  o.e.m.c.i.embedder.EclipseLogger - Using platform encoding (Cp1250 actually) to copy filtered resources, i.e. build is platform dependent!
2019-04-17 20:16:51,019 [Worker-26] INFO  o.e.m.c.i.embedder.EclipseLogger - skip non existing resourceDirectory C:\Users\monik\Desktop\powp\powp_jobs2d_project\src\main\resources
2019-04-17 20:16:51,029 [Worker-26] WARN  o.e.m.c.i.embedder.EclipseLogger - Using platform encoding (Cp1250 actually) to copy filtered resources, i.e. build is platform dependent!
2019-04-17 20:16:51,047 [Worker-26] INFO  o.e.m.c.i.embedder.EclipseLogger - skip non existing resourceDirectory C:\Users\monik\Desktop\powp\powp_jobs2d_project\src\test\resources
