2019-04-16 22:00:13,565 - os.name - Windows 10
2019-04-16 22:00:13,566 - os.arch - amd64
2019-04-16 22:00:13,566 - os.version - 10.0
2019-04-16 22:00:13,566 - java.version - 1.8.0_161
2019-04-16 22:00:13,566 - java.vendor - Oracle Corporation
2019-04-16 22:00:13,566 - java.vendor.url - http://java.oracle.com/
2019-04-16 22:00:13,566 - java.home - C:\Program Files\Java\jre1.8.0_161
2019-04-16 22:00:13,566 - java.vm.specification.name - Java Virtual Machine Specification
2019-04-16 22:00:13,566 - java.vm.specification.vendor - Oracle Corporation
2019-04-16 22:00:13,566 - java.vm.specification.version - 1.8
2019-04-16 22:00:13,567 - java.class.path - C:\Users\monik\eclipse\java-oxygen\eclipse\\plugins/org.eclipse.equinox.launcher_1.4.0.v20161219-1356.jar
2019-04-16 22:00:13,567 - java.library.path - C:\Users\monik\eclipse\java-oxygen\eclipse;C:\WINDOWS\Sun\Java\bin;C:\WINDOWS\system32;C:\WINDOWS;C:/Program Files/Java/jre1.8.0_161/bin/server;C:/Program Files/Java/jre1.8.0_161/bin;C:/Program Files/Java/jre1.8.0_161/lib/amd64;C:\app\monik\product\12.2.0\dbhome_1\bin;C:\ProgramData\Oracle\Java\javapath;C:\Program Files (x86)\Intel\iCLS Client\;C:\Program Files\Intel\iCLS Client\;C:\WINDOWS\system32;C:\WINDOWS;C:\WINDOWS\System32\Wbem;C:\WINDOWS\System32\WindowsPowerShell\v1.0\;C:\Program Files (x86)\Intel\Intel(R) Management Engine Components\DAL;C:\Program Files\Intel\Intel(R) Management Engine Components\DAL;C:\Program Files (x86)\Intel\Intel(R) Management Engine Components\IPT;C:\Program Files\Intel\Intel(R) Management Engine Components\IPT;C:\WINDOWS\System32\OpenSSH\;C:\Program Files\Intel\WiFi\bin\;C:\Program Files\Common Files\Intel\WirelessCommon\;C:\Program Files\TortoiseGit\bin;C:\Users\monik\AppData\Local\Microsoft\WindowsApps;C:\Users\monik\Desktop;;.
2019-04-16 22:00:13,567 - --------------------------------------
2019-04-16 22:00:13,567 - ## Eclipse Plug-ins Log Information ##
2019-04-16 22:00:13,567 - --------------------------------------
2019-04-16 22:00:13,684 - javax.el - 2.2.0.v201303151357
2019-04-16 22:00:13,686 - javax.servlet - 3.1.0.v201410161800
2019-04-16 22:00:13,686 - javax.servlet.jsp - 2.2.0.v201112011158
2019-04-16 22:00:13,687 - com.sun.el - 2.2.0.v201303151357
2019-04-16 22:00:13,688 - org.apache.commons.logging - 1.1.1.v201101211721
2019-04-16 22:00:13,689 - org.apache.jasper.glassfish - 2.2.2.v201501141630
2019-04-16 22:00:13,690 - org.apache.lucene.analyzers-common - 6.1.0.v20161115-1612
2019-04-16 22:00:13,690 - org.apache.lucene.core - 6.1.0.v20170814-1820
2019-04-16 22:00:13,691 - org.apache.lucene.analyzers-smartcn - 6.1.0.v20161115-1612
2019-04-16 22:00:13,692 - org.apache.lucene.misc - 6.1.0.v20161115-1612
2019-04-16 22:00:13,693 - org.eclipse.equinox.http.jetty - 3.4.0.v20170503-2025
2019-04-16 22:00:13,694 - org.eclipse.equinox.http.registry - 1.1.400.v20150715-1528
2019-04-16 22:00:13,695 - org.eclipse.equinox.http.servlet - 1.4.0.v20170524-1452
2019-04-16 22:00:13,696 - org.eclipse.equinox.jsp.jasper - 1.0.500.v20150119-1358
2019-04-16 22:00:13,697 - org.eclipse.equinox.jsp.jasper.registry - 1.0.300.v20130327-1442
2019-04-16 22:00:13,697 - org.eclipse.help.base - 4.2.153.v20180330-0640
2019-04-16 22:00:13,697 - org.eclipse.help.ui - 4.1.0.v20170311-0931
2019-04-16 22:00:13,698 - org.eclipse.help.webapp - 3.9.1.v20170816-0843
2019-04-16 22:00:13,699 - org.eclipse.jetty.continuation - 9.4.8.v20171121
2019-04-16 22:00:13,700 - org.eclipse.jetty.http - 9.4.8.v20171121
2019-04-16 22:00:13,701 - org.eclipse.jetty.io - 9.4.8.v20171121
2019-04-16 22:00:13,702 - org.eclipse.jetty.security - 9.4.8.v20171121
2019-04-16 22:00:13,704 - org.eclipse.jetty.server - 9.4.8.v20171121
2019-04-16 22:00:13,705 - org.eclipse.jetty.servlet - 9.4.8.v20171121
2019-04-16 22:00:13,707 - org.eclipse.jetty.util - 9.4.8.v20171121
2019-04-16 22:00:13,708 - org.eclipse.core.net - 1.3.100.v20170516-0820
2019-04-16 22:00:13,709 - org.eclipse.equinox.security - 1.2.300.v20170505-1235
2019-04-16 22:00:13,745 - com.objectaid.uml.addon - 1.2.3
2019-04-16 22:00:13,746 - com.objectaid.uml.addon.java - 1.2.3
2019-04-16 22:00:13,822 - com.objectaid.uml - 1.2.3
2019-04-16 22:00:13,824 - com.objectaid.uml.addon.cls - 1.2.3
2019-04-16 22:00:13,896 - org.eclipse.mylyn.bugzilla.core - 3.23.1.v20170623-0008
2019-04-16 22:00:13,897 - org.eclipse.mylyn.bugzilla.ui - 3.23.1.v20170623-0008
2019-04-16 22:00:13,942 - org.eclipse.andmore.hierarchyviewer - 0.5.1.201701251432
2019-04-16 22:00:13,967 - org.eclipse.sequoyah.device.backward - 2.1.0.N20120718-0509
2019-04-16 22:00:13,967 - org.eclipse.sequoyah.device.framework - 2.1.0.N20120718-0509
2019-04-16 22:00:13,967 - org.eclipse.sequoyah.device.framework.ui - 2.1.0.N20120718-0509
2019-04-16 22:00:13,968 - org.eclipse.sequoyah.device.service.start - 2.1.0.N20120718-0509
2019-04-16 22:00:13,987 - org.eclipse.sequoyah.device.service.stop - 2.1.0.N20120718-0509
2019-04-16 22:00:13,988 - org.eclipse.sequoyah.device.framework.wizard - 2.1.0.N20120718-0509
2019-04-16 22:00:14,026 - org.eclipse.xtext.xbase.lib - 2.12.0.v20170518-0757
2019-04-16 22:00:14,073 - org.eclipse.buildship.core - 2.2.1.v20180125-1441
2019-04-16 22:00:14,074 - org.eclipse.buildship.ui - 2.2.1.v20180125-1441
2019-04-16 22:00:14,074 - org.eclipse.buildship.branding - 2.2.1.v20180125-1441
2019-04-16 22:00:14,074 - org.eclipse.buildship.stsmigration - 2.2.1.v20180125-1441
2019-04-16 22:00:14,213 - org.eclipse.mylyn.tasks.core - 3.23.1.v20170623-0008
2019-04-16 22:00:14,213 - org.eclipse.mylyn.tasks.index.core - 3.23.1.v20170623-0008
2019-04-16 22:00:14,214 - org.eclipse.mylyn.tasks.index.ui - 3.23.1.v20170623-0008
2019-04-16 22:00:14,215 - org.eclipse.mylyn.tasks.search - 3.23.1.v20170623-0008
2019-04-16 22:00:14,217 - org.eclipse.mylyn.tasks.ui - 3.23.1.v20170623-0008
2019-04-16 22:00:14,354 - org.eclipse.egit.core - 4.9.2.201712150930-r
2019-04-16 22:00:14,357 - org.eclipse.egit.ui - 4.9.2.201712150930-r
2019-04-16 22:00:14,357 - org.eclipse.egit - 4.9.2.201712150930-r
2019-04-16 22:00:14,358 - org.eclipse.egit.doc - 4.9.2.201712150930-r
2019-04-16 22:00:14,381 - org.eclipse.wst.jsdt.web.core - 1.0.901.v201707142218
2019-04-16 22:00:14,382 - org.eclipse.wst.jsdt.web.ui - 1.1.0.v201711080031
2019-04-16 22:00:14,383 - org.eclipse.wst.html.ui.infopop - 1.0.201.v201707252002
2019-04-16 22:00:14,384 - org.eclipse.wst.web.ui.infopop - 1.0.300.v200805140206
2019-04-16 22:00:14,384 - org.eclipse.wst.css.ui - 1.0.1100.v201704250105
2019-04-16 22:00:14,385 - org.eclipse.wst.html.ui - 1.0.1200.v201608060428
2019-04-16 22:00:14,385 - org.eclipse.wst.web.ui - 1.1.601.v201602221748
2019-04-16 22:00:14,402 - org.eclipse.gef - 3.11.0.201606061308
2019-04-16 22:00:14,563 - org.eclipse.mylyn.commons.identity.core - 1.15.0.v20170411-1844
2019-04-16 22:00:14,605 - org.eclipse.oomph.p2 - 1.9.0.v20171221-1140
2019-04-16 22:00:14,606 - org.eclipse.oomph.p2.core - 1.9.0.v20171221-1140
2019-04-16 22:00:14,607 - org.eclipse.oomph.p2.edit - 1.9.0.v20171221-1140
2019-04-16 22:00:14,608 - org.eclipse.oomph.p2.ui - 1.9.0.v20171221-1140
2019-04-16 22:00:14,609 - org.eclipse.oomph.p2.doc - 1.9.0.v20171221-1140
2019-04-16 22:00:14,717 - org.eclipse.xtext.xbase - 2.12.0.v20170519-0752
2019-04-16 22:00:14,719 - org.eclipse.xtext.xbase.ui - 2.12.0.v20170519-0809
2019-04-16 22:00:14,719 - org.eclipse.xtext.xbase.ide - 2.12.0.v20170519-0752
2019-04-16 22:00:14,743 - org.eclipse.emf.codegen.ui - 2.6.0.v20170609-0928
2019-04-16 22:00:14,766 - org.eclipse.datatools.enablement.sqlite - 1.2.1.201712071719
2019-04-16 22:00:14,767 - org.eclipse.datatools.enablement.sqlite.dbdefinition - 1.2.1.201712071719
2019-04-16 22:00:14,767 - org.eclipse.datatools.enablement.sqlite.ui - 1.2.1.201712071719
2019-04-16 22:00:14,767 - org.eclipse.datatools.enablement.finfo - 1.7.0.201712071719
2019-04-16 22:00:14,786 - org.eclipse.mylyn.commons.notifications.core - 1.15.0.v20170411-1844
2019-04-16 22:00:14,786 - org.eclipse.mylyn.commons.notifications.feed - 1.15.0.v20170411-1844
2019-04-16 22:00:14,787 - org.eclipse.mylyn.commons.notifications.ui - 1.15.0.v20170411-1844
2019-04-16 22:00:14,805 - org.eclipse.emf.converter - 2.8.0.v20170609-0928
2019-04-16 22:00:14,806 - org.eclipse.emf.importer - 2.9.0.v20170609-0928
2019-04-16 22:00:14,807 - org.eclipse.emf.exporter - 2.7.0.v20170609-0928
2019-04-16 22:00:14,807 - org.eclipse.emf.importer.ecore - 2.8.0.v20170609-0928
2019-04-16 22:00:14,808 - org.eclipse.emf.importer.java - 2.8.0.v20170609-0928
2019-04-16 22:00:14,809 - org.eclipse.emf.importer.rose - 2.8.0.v20170609-0928
2019-04-16 22:00:14,826 - org.eclipse.emf.edit.ui - 2.13.0.v20170609-0928
2019-04-16 22:00:14,843 - org.eclipse.help - 3.8.1.v20170815-1448
2019-04-16 22:00:14,845 - org.eclipse.ui - 3.109.0.v20170411-1742
2019-04-16 22:00:14,846 - org.eclipse.ui.workbench - 3.110.1.v20170704-1208
2019-04-16 22:00:14,846 - org.eclipse.update.configurator - 3.3.400.v20160506-0750
2019-04-16 22:00:14,846 - org.eclipse.rcp - 4.7.3.v20180330-0640
2019-04-16 22:00:14,863 - org.eclipse.recommenders.rcp - 2.5.2.v20180401-1226
2019-04-16 22:00:14,863 - org.eclipse.recommenders.apidocs - 2.5.2.v20180401-1226
2019-04-16 22:00:14,864 - org.eclipse.recommenders.apidocs.rcp - 2.5.2.v20180401-1226
2019-04-16 22:00:14,865 - org.eclipse.recommenders.calls - 2.5.2.v20180401-1226
2019-04-16 22:00:14,866 - org.eclipse.recommenders.calls.rcp - 2.5.2.v20180401-1226
2019-04-16 22:00:14,867 - org.eclipse.recommenders.chain.rcp - 2.5.2.v20180401-1226
2019-04-16 22:00:14,868 - org.eclipse.recommenders.completion.rcp - 2.5.2.v20180401-1226
2019-04-16 22:00:14,869 - org.eclipse.recommenders.constructors - 2.5.2.v20180401-1226
2019-04-16 22:00:14,869 - org.eclipse.recommenders.constructors.rcp - 2.5.2.v20180401-1226
2019-04-16 22:00:14,870 - org.eclipse.recommenders.coordinates - 2.5.2.v20180401-1226
2019-04-16 22:00:14,871 - org.eclipse.recommenders.coordinates.rcp - 2.5.2.v20180401-1226
2019-04-16 22:00:14,872 - org.eclipse.recommenders.injection - 2.5.2.v20180401-1226
2019-04-16 22:00:14,872 - org.eclipse.recommenders.jayes - 2.5.2.v20180401-1226
2019-04-16 22:00:14,873 - org.eclipse.recommenders.jayes.io - 2.5.2.v20180401-1226
2019-04-16 22:00:14,874 - org.eclipse.recommenders.jdt - 2.5.2.v20180401-1226
2019-04-16 22:00:14,874 - org.eclipse.recommenders.models - 2.5.2.v20180401-1226
2019-04-16 22:00:14,875 - org.eclipse.recommenders.models.rcp - 2.5.2.v20180401-1226
2019-04-16 22:00:14,875 - org.eclipse.recommenders.net - 2.5.2.v20180401-1226
2019-04-16 22:00:14,876 - org.eclipse.recommenders.overrides - 2.5.2.v20180401-1226
2019-04-16 22:00:14,877 - org.eclipse.recommenders.overrides.rcp - 2.5.2.v20180401-1226
2019-04-16 22:00:14,877 - org.eclipse.recommenders.subwords.rcp - 2.5.2.v20180401-1226
2019-04-16 22:00:14,878 - org.eclipse.recommenders.statics - 2.5.2.v20180401-1226
2019-04-16 22:00:14,879 - org.eclipse.recommenders.statics.rcp - 2.5.2.v20180401-1226
2019-04-16 22:00:14,880 - org.eclipse.recommenders.types.rcp - 2.5.2.v20180401-1226
2019-04-16 22:00:14,880 - org.eclipse.recommenders.utils - 2.5.2.v20180401-1226
2019-04-16 22:00:14,881 - org.eclipse.recommenders.utils.rcp - 2.5.2.v20180401-1226
2019-04-16 22:00:14,897 - org.scala-ide.sdt.core - 4.7.1.v-2_12-201801021323-2dfe808
2019-04-16 22:00:14,898 - org.scala-ide.sdt.debug - 4.7.1.v-2_12-201801021323-2dfe808
2019-04-16 22:00:14,898 - org.scala-refactoring.library - 0.14.0.2_12-201709280027-d321a80
2019-04-16 22:00:14,899 - scalariform - 0.2.6.2_12-201710291041-16befb2
2019-04-16 22:00:14,900 - org.eclipse.nebula.widgets.tablecombo - 1.2.0.201712122235
2019-04-16 22:00:14,900 - org.scala-ide.sdt.debug.expression - 4.7.1.v-2_12-201801021323-2dfe808
2019-04-16 22:00:14,923 - org.eclipse.mylyn.commons.repositories.http.core - 1.15.0.v20170411-1844
2019-04-16 22:00:14,941 - org.eclipse.datatools.connectivity.oda.design.ui - 3.4.1.201712071719
2019-04-16 22:00:14,942 - org.eclipse.datatools.connectivity.ui.dse - 1.3.1.201712071719
2019-04-16 22:00:14,944 - org.eclipse.datatools.connectivity.ui - 1.4.1.201712071719
2019-04-16 22:00:14,944 - org.eclipse.datatools.connectivity.sqm.core - 1.4.1.201712071719
2019-04-16 22:00:14,945 - org.eclipse.datatools.help - 1.7.1.201712071719
2019-04-16 22:00:14,966 - org.eclipse.jdt - 3.13.4.v20180330-0640
2019-04-16 22:00:14,968 - org.eclipse.ant.ui - 3.7.0.v20170412-1054
2019-04-16 22:00:14,968 - org.eclipse.jdt.apt.core - 3.5.100.v20180322-1206
2019-04-16 22:00:14,970 - org.eclipse.jdt.apt.ui - 3.5.50.v20180322-1206
2019-04-16 22:00:14,970 - org.eclipse.jdt.apt.pluggable.core - 1.2.50.v20180322-1206
2019-04-16 22:00:14,971 - org.eclipse.jdt.compiler.apt - 1.3.110.v20180329-0935
2019-04-16 22:00:14,971 - org.eclipse.jdt.compiler.tool - 1.2.101.v20180329-0935
2019-04-16 22:00:14,971 - org.eclipse.jdt.core - 3.13.102.v20180330-0919
2019-04-16 22:00:14,972 - org.eclipse.jdt.annotation - 2.1.150.v20180322-1206
2019-04-16 22:00:14,972 - org.eclipse.jdt.annotation - 2.1.150.v20180322-1206
2019-04-16 22:00:14,973 - org.eclipse.jdt.core.manipulation - 1.9.100.v20180321-0831
2019-04-16 22:00:14,974 - org.eclipse.jdt.debug.ui - 3.8.100.v20180322-1256
2019-04-16 22:00:15,077 - org.eclipse.jdt.debug - 3.11.50.v20170920-1717
2019-04-16 22:00:15,077 - org.eclipse.jdt.junit - 3.10.75.v20180322-1731
2019-04-16 22:00:15,078 - org.eclipse.jdt.junit.core - 3.9.100.v20180321-0831
2019-04-16 22:00:15,079 - org.eclipse.jdt.junit.runtime - 3.4.651.v20171130-0906
2019-04-16 22:00:15,080 - org.eclipse.jdt.junit4.runtime - 1.1.650.v20170920-1015
2019-04-16 22:00:15,080 - org.eclipse.jdt.junit5.runtime - 1.0.1.v20171130-0906
2019-04-16 22:00:15,081 - org.eclipse.jdt.launching - 3.9.100.v20180323-1351
2019-04-16 22:00:15,085 - org.eclipse.jdt.ui - 3.13.100.v20180330-0726
2019-04-16 22:00:15,106 - org.junit - 4.12.0.v201504281640
2019-04-16 22:00:15,107 - org.hamcrest.core - 1.3.0.v201303031735
2019-04-16 22:00:15,109 - org.junit.jupiter.api - 5.0.0.v20170910-2246
2019-04-16 22:00:15,110 - org.junit.jupiter.engine - 5.0.0.v20170910-2246
2019-04-16 22:00:15,111 - org.junit.jupiter.migrationsupport - 5.0.0.v20170910-2246
2019-04-16 22:00:15,113 - org.junit.jupiter.params - 5.0.0.v20170910-2246
2019-04-16 22:00:15,114 - org.junit.platform.commons - 1.0.0.v20170910-2246
2019-04-16 22:00:15,115 - org.junit.platform.engine - 1.0.0.v20170910-2246
2019-04-16 22:00:15,116 - org.junit.platform.launcher - 1.0.0.v20170910-2246
2019-04-16 22:00:15,117 - org.junit.platform.runner - 1.0.0.v20170910-2246
2019-04-16 22:00:15,118 - org.junit.platform.suite.api - 1.0.0.v20170910-2246
2019-04-16 22:00:15,119 - org.junit.vintage.engine - 4.12.0.v20170910-2246
2019-04-16 22:00:15,121 - org.opentest4j - 1.0.0.v20170910-2246
2019-04-16 22:00:15,122 - org.apiguardian - 1.0.0.v20170910-2246
2019-04-16 22:00:15,123 - org.eclipse.jdt.doc.user - 3.13.75.v20180329-0655
2019-04-16 22:00:15,124 - org.eclipse.ant.launching - 1.2.1.v20171108-0853
2019-04-16 22:00:15,140 - org.eclipse.emf.common - 2.13.0.v20170609-0707
2019-04-16 22:00:15,158 - org.eclipse.fx.ide.css - 3.0.0.201705220750
2019-04-16 22:00:15,158 - org.eclipse.fx.ide.css.cssext - 3.0.0.201705220750
2019-04-16 22:00:15,159 - org.eclipse.fx.ide.css.cssext.ui - 3.0.0.201705220750
2019-04-16 22:00:15,166 - org.eclipse.fx.ide.css.ui - 3.0.0.201705220750
2019-04-16 22:00:15,166 - org.eclipse.fx.ide.css.jfx2 - 3.0.0.201705220750
2019-04-16 22:00:15,167 - org.eclipse.fx.ide.css.jfx8 - 3.0.0.201705220750
2019-04-16 22:00:15,168 - org.eclipse.fx.ide.css.cssext.proposals - 3.0.0.201705220750
2019-04-16 22:00:15,168 - org.eclipse.fx.ui.panes - 3.0.0.201705220600
2019-04-16 22:00:15,169 - org.eclipse.fx.ui.controls - 3.0.0.201705220600
2019-04-16 22:00:15,170 - org.eclipse.fx.ui.animation - 3.0.0.201705220600
2019-04-16 22:00:15,189 - org.eclipse.sequoyah.vnc.vncviewer.vncviews - 2.1.0.N20120718-0509
2019-04-16 22:00:15,206 - org.eclipse.egit.mylyn.ui - 4.9.2.201712150930-r
2019-04-16 22:00:15,224 - org.eclipse.xtend.core - 2.12.0.v20170519-0902
2019-04-16 22:00:15,225 - org.eclipse.xtend.ide.common - 2.12.0.v20170519-0902
2019-04-16 22:00:15,225 - org.eclipse.xtend.ide - 2.12.0.v20170519-0902
2019-04-16 22:00:15,226 - org.eclipse.xtend.examples - 2.12.0.v20170519-0902
2019-04-16 22:00:15,227 - org.eclipse.xtend.doc - 2.12.0.v20170519-0902
2019-04-16 22:00:15,228 - org.eclipse.xtend.m2e - 2.12.0.v20170519-0902
2019-04-16 22:00:15,229 - org.eclipse.xtend.standalone - 2.12.0.v20170519-0902
2019-04-16 22:00:15,230 - org.eclipse.xtext.junit4 - 2.12.0.v20170519-0809
2019-04-16 22:00:15,230 - org.eclipse.xtext.testing - 2.12.0.v20170518-0959
2019-04-16 22:00:15,231 - org.eclipse.xtext.xbase.junit - 2.12.0.v20170519-0809
2019-04-16 22:00:15,232 - org.eclipse.xtext.xbase.testing - 2.12.0.v20170519-0752
2019-04-16 22:00:15,233 - org.eclipse.xtext.ui.testing - 2.12.0.v20170519-0809
2019-04-16 22:00:15,234 - org.eclipse.xtext.xbase.ui.testing - 2.12.0.v20170519-0809
2019-04-16 22:00:15,251 - org.eclipse.datatools.sqltools.common.ui - 1.2.1.201712071719
2019-04-16 22:00:15,251 - org.eclipse.datatools.sqltools.debugger.core - 1.2.1.201712071719
2019-04-16 22:00:15,252 - org.eclipse.datatools.sqltools.editor.core - 1.2.1.201712071719
2019-04-16 22:00:15,253 - org.eclipse.datatools.sqltools.plan - 1.2.1.201712071719
2019-04-16 22:00:15,253 - org.eclipse.datatools.sqltools.routineeditor - 1.2.1.201712071719
2019-04-16 22:00:15,254 - org.eclipse.datatools.sqltools.sql - 1.2.1.201712071719
2019-04-16 22:00:15,255 - org.eclipse.datatools.sqltools.sqleditor - 1.2.1.201712071719
2019-04-16 22:00:15,256 - org.eclipse.datatools.sqltools.sqlscrapbook - 1.2.1.201712071719
2019-04-16 22:00:15,256 - org.eclipse.datatools.help - 1.7.1.201712071719
2019-04-16 22:00:15,257 - org.eclipse.datatools.sqltools.db.generic - 1.2.1.201712071719
2019-04-16 22:00:15,257 - org.eclipse.datatools.sqltools.debugger.core.ui - 1.2.1.201712071719
2019-04-16 22:00:15,258 - org.eclipse.datatools.sqltools.editor.core.ui - 1.2.1.201712071719
2019-04-16 22:00:15,259 - org.eclipse.datatools.sqltools.result.ui - 1.3.1.201712071719
2019-04-16 22:00:15,260 - org.eclipse.datatools.sqltools.routineeditor.ui - 1.2.1.201712071719
2019-04-16 22:00:15,260 - org.eclipse.datatools.sqltools.sql.ui - 1.2.1.201712071719
2019-04-16 22:00:15,275 - org.objectweb.asm - 6.0.0.v20180116-1719
2019-04-16 22:00:15,275 - org.eclipse.andmore - 0.5.1.201701251432
2019-04-16 22:00:15,276 - org.eclipse.andmore.base - 0.5.1.201701251432
2019-04-16 22:00:15,276 - org.eclipse.andmore.ddms - 0.5.1.201701251432
2019-04-16 22:00:15,277 - org.eclipse.andmore.overlay - 0.5.1.201701251432
2019-04-16 22:00:15,278 - org.apache.commons.codec - 1.9.0.v20170208-1614
2019-04-16 22:00:15,280 - org.apache.commons.compress - 1.6.0.v201310281400
2019-04-16 22:00:15,280 - org.apache.httpcomponents.httpclient - 4.5.2.v20170210-0925
2019-04-16 22:00:15,282 - org.apache.httpcomponents.httpcore - 4.4.6.v20170210-0925
2019-04-16 22:00:15,313 - org.eclipse.oomph.setup.editor - 1.9.0.v20180203-0645
2019-04-16 22:00:15,314 - org.eclipse.oomph.setup.ui - 1.9.0.v20171221-1140
2019-04-16 22:00:15,315 - org.eclipse.oomph.setup.doc - 1.9.0.v20171221-1140
2019-04-16 22:00:15,315 - org.eclipse.oomph.setup.ui.questionnaire - 1.9.0.v20171221-1140
2019-04-16 22:00:15,316 - org.eclipse.oomph.jreinfo.ui - 1.9.0.v20171221-1140
2019-04-16 22:00:15,336 - org.eclipse.emf.mapping - 2.9.0.v20170609-0928
2019-04-16 22:00:15,353 - org.eclipse.datatools.modelbase.dbdefinition - 1.2.1.201712071719
2019-04-16 22:00:15,355 - org.eclipse.datatools.modelbase.sql.edit - 1.2.1.201712071719
2019-04-16 22:00:15,356 - org.eclipse.datatools.modelbase.sql.query - 1.3.1.201712071719
2019-04-16 22:00:15,357 - org.eclipse.datatools.modelbase.sql.query.edit - 1.2.1.201712071719
2019-04-16 22:00:15,358 - org.eclipse.datatools.modelbase.sql.xml.query - 1.2.1.201712071719
2019-04-16 22:00:15,358 - org.eclipse.datatools.modelbase.sql - 1.2.1.201712071719
2019-04-16 22:00:15,373 - org.eclipse.emf.ecore - 2.13.0.v20170609-0707
2019-04-16 22:00:15,374 - org.eclipse.emf.ecore.change - 2.11.0.v20170609-0707
2019-04-16 22:00:15,374 - org.eclipse.emf.ecore.xmi - 2.13.0.v20170609-0707
2019-04-16 22:00:15,401 - org.eclipse.jgit - 4.9.2.201712150930-r
2019-04-16 22:00:15,402 - org.eclipse.jgit.archive - 4.9.2.201712150930-r
2019-04-16 22:00:15,402 - com.jcraft.jsch - 0.1.54.v20170116-1932
2019-04-16 22:00:15,403 - javaewah - 1.1.6.v20160919-1400
2019-04-16 22:00:15,403 - org.apache.commons.compress - 1.6.0.v201310281400
2019-04-16 22:00:15,404 - org.slf4j.api - 1.7.2.v20121108-1250
2019-04-16 22:00:15,405 - org.slf4j.impl.log4j12 - 1.7.2.v20131105-2200
2019-04-16 22:00:15,407 - org.apache.log4j - 1.2.15.v201012070815
2019-04-16 22:00:15,424 - org.scala.tools.eclipse.search - 0.6.0.v-2_12-201801021356-5a19344
2019-04-16 22:00:15,443 - org.eclipse.mylyn.wikitext.tasks.ui - 3.0.19.201711172000
2019-04-16 22:00:15,443 - org.eclipse.mylyn.wikitext.context.ui - 3.0.19.201711172000
2019-04-16 22:00:15,460 - org.eclipse.emf.mapping.ecore.editor - 2.6.0.v20170609-0928
2019-04-16 22:00:15,461 - org.eclipse.emf.mapping.ecore2ecore.editor - 2.7.0.v20170609-0928
2019-04-16 22:00:15,462 - org.eclipse.emf.mapping.ecore2xml.ui - 2.8.0.v20170609-0928
2019-04-16 22:00:15,478 - org.eclipse.recommenders.mylyn.rcp - 2.5.2.v20180401-1226
2019-04-16 22:00:17,521 - org.apache.ant - 1.10.1.v20170504-0840
2019-04-16 22:00:17,522 - org.eclipse.ant.core - 3.5.0.v20170509-2149
2019-04-16 22:00:17,522 - com.jcraft.jsch - 0.1.54.v20170116-1932
2019-04-16 22:00:17,523 - org.eclipse.compare.core - 3.6.100.v20170516-0820
2019-04-16 22:00:17,523 - org.eclipse.compare - 3.7.101.v20170724-1603
2019-04-16 22:00:17,524 - org.eclipse.compare.win32 - 1.2.0.v20170517-0839
2019-04-16 22:00:17,525 - org.eclipse.core.filebuffers - 3.6.100.v20170203-1130
2019-04-16 22:00:17,525 - org.eclipse.core.filesystem - 1.7.0.v20170406-1337
2019-04-16 22:00:17,525 - org.eclipse.core.net - 1.3.100.v20170516-0820
2019-04-16 22:00:17,525 - org.eclipse.core.net.win32.x86_64 - 1.1.0.v20160323-1650
2019-04-16 22:00:17,527 - org.eclipse.core.resources - 3.12.0.v20170417-1558
2019-04-16 22:00:17,527 - org.eclipse.osgi.util - 3.4.0.v20170111-1608
2019-04-16 22:00:17,527 - org.eclipse.debug.core - 3.11.0.v20170605-1534
2019-04-16 22:00:17,529 - org.eclipse.debug.ui - 3.12.50.v20170920-1329
2019-04-16 22:00:17,529 - org.eclipse.equinox.event - 1.4.0.v20170105-1446
2019-04-16 22:00:17,530 - org.eclipse.ltk.core.refactoring - 3.8.0.v20170105-1156
2019-04-16 22:00:17,531 - org.eclipse.ltk.ui.refactoring - 3.9.0.v20170412-0825
2019-04-16 22:00:17,531 - org.eclipse.platform - 4.7.3.v20180330-0640
2019-04-16 22:00:17,532 - org.eclipse.platform.doc.user - 4.7.3.v20180328-1557
2019-04-16 22:00:17,533 - org.eclipse.search - 3.11.100.v20170515-1603
2019-04-16 22:00:17,533 - org.eclipse.team.core - 3.8.100.v20170516-0820
2019-04-16 22:00:17,534 - org.eclipse.team.ui - 3.8.1.v20170515-1133
2019-04-16 22:00:17,535 - org.eclipse.text - 3.6.100.v20170203-0814
2019-04-16 22:00:17,536 - org.eclipse.jface.text - 3.12.2.v20180112-1341
2019-04-16 22:00:17,537 - org.eclipse.jsch.core - 1.3.0.v20160422-1917
2019-04-16 22:00:17,537 - org.eclipse.jsch.ui - 1.3.0.v20160323-1650
2019-04-16 22:00:17,538 - org.eclipse.ui.console - 3.7.1.v20170728-0806
2019-04-16 22:00:17,538 - org.eclipse.ui.intro - 3.5.100.v20170418-0710
2019-04-16 22:00:17,538 - org.eclipse.ui.intro.universal - 3.3.100.v20170515-1335
2019-04-16 22:00:17,538 - org.eclipse.ui.cheatsheets - 3.5.100.v20170515-0748
2019-04-16 22:00:17,538 - org.eclipse.ui.browser - 3.6.100.v20170418-1342
2019-04-16 22:00:17,540 - org.eclipse.ui.genericeditor - 1.0.2.v20180126-0718
2019-04-16 22:00:17,540 - org.eclipse.ui.monitoring - 1.1.100.v20170131-1736
2019-04-16 22:00:17,540 - org.eclipse.ui.navigator - 3.7.0.v20170418-1342
2019-04-16 22:00:17,541 - org.eclipse.ui.navigator.resources - 3.6.1.v20170823-1443
2019-04-16 22:00:17,541 - org.eclipse.ui.net - 1.3.100.v20170516-0820
2019-04-16 22:00:17,542 - org.eclipse.ui.workbench.texteditor - 3.10.100.v20170426-2021
2019-04-16 22:00:17,543 - org.eclipse.ui.views - 3.9.0.v20170226-1833
2019-04-16 22:00:17,544 - org.eclipse.ui.editors - 3.11.0.v20170202-1823
2019-04-16 22:00:17,544 - org.eclipse.ui.externaltools - 3.4.0.v20161212-0515
2019-04-16 22:00:17,546 - org.eclipse.ui.ide - 3.13.1.v20170822-1526
2019-04-16 22:00:17,547 - org.eclipse.ui.ide.application - 1.2.0.v20170512-1452
2019-04-16 22:00:17,547 - org.eclipse.ui.win32 - 3.3.0.v20160505-1310
2019-04-16 22:00:17,547 - org.eclipse.core.resources.win32.x86_64 - 3.5.100.v20170516-0925
2019-04-16 22:00:17,547 - org.eclipse.core.filesystem.win32.x86_64 - 1.4.0.v20140124-1940
2019-04-16 22:00:17,548 - org.eclipse.core.variables - 3.4.0.v20170113-2056
2019-04-16 22:00:17,548 - org.eclipse.ui.forms - 3.7.101.v20170815-1446
2019-04-16 22:00:17,549 - org.eclipse.ui.views.properties.tabbed - 3.8.1.v20170713-0803
2019-04-16 22:00:17,549 - org.eclipse.equinox.security - 1.2.300.v20170505-1235
2019-04-16 22:00:17,549 - org.eclipse.equinox.security.ui - 1.1.400.v20170505-1235
2019-04-16 22:00:17,550 - org.eclipse.equinox.security.win32.x86_64 - 1.0.100.v20130327-1442
2019-04-16 22:00:17,550 - org.eclipse.core.externaltools - 1.1.0.v20170113-2056
2019-04-16 22:00:17,551 - org.eclipse.ui.themes - 1.2.1.v20170809-1435
2019-04-16 22:00:17,552 - org.eclipse.core.runtime - 3.13.0.v20170207-1030
2019-04-16 22:00:17,552 - org.eclipse.ui.intro.quicklinks - 1.0.100.v20170515-0756
2019-04-16 22:00:17,552 - org.eclipse.team.genericeditor.diff.extension - 1.0.1.v20170809-1356
2019-04-16 22:00:17,570 - org.eclipse.mylyn.discovery.core - 3.23.0.v20170411-1844
2019-04-16 22:00:17,571 - org.eclipse.mylyn.discovery.ui - 3.23.0.v20170411-1844
2019-04-16 22:00:17,586 - org.eclipse.emf.ecore.edit - 2.9.0.v20170609-0928
2019-04-16 22:00:17,587 - org.eclipse.emf.ecore.change.edit - 2.6.0.v20170609-0928
2019-04-16 22:00:17,602 - org.eclipse.sequoyah.vnc.protocol - 2.1.0.N20120718-0509
2019-04-16 22:00:17,617 - org.eclipse.mylyn.versions.core - 1.15.0.v20170411-2003
2019-04-16 22:00:17,618 - org.eclipse.mylyn.versions.ui - 1.15.0.v20170411-2003
2019-04-16 22:00:17,634 - org.eclipse.emf.mapping.ecore - 2.6.0.v20170609-0928
2019-04-16 22:00:17,634 - org.eclipse.emf.mapping.ecore2ecore - 2.9.0.v20170609-0928
2019-04-16 22:00:17,635 - org.eclipse.emf.mapping.ecore2xml - 2.9.0.v20170609-0928
2019-04-16 22:00:17,653 - org.eclipse.wst.jsdt.chromium.debug.core - 0.5.300.v201705091354
2019-04-16 22:00:17,653 - org.eclipse.wst.jsdt.chromium.debug.ui - 0.6.200.v201701261810
2019-04-16 22:00:17,654 - org.eclipse.wst.jsdt.chromium.debug.js - 0.1.200.v201610211901
2019-04-16 22:00:17,654 - org.eclipse.wst.jsdt.chromium.debug - 0.4.0.v201605131737
2019-04-16 22:00:17,761 - org.eclipse.wst.jsdt.chromium - 0.5.200.v201610211901
2019-04-16 22:00:17,761 - org.eclipse.wst.jsdt.chromium.debug.jsdtbridge - 0.5.200.v201610211901
2019-04-16 22:00:17,762 - org.eclipse.wst.jsdt.chromium.wip.eclipse - 0.5.200.v201610212001
2019-04-16 22:00:17,762 - org.eclipse.wst.jsdt.chromium.wipbackend.dev - 0.5.200.v201610212001
2019-04-16 22:00:17,763 - org.eclipse.wst.jsdt.chromium.wipbackend.protocol_1_0 - 0.5.200.v201610212001
2019-04-16 22:00:17,779 - org.scalaide.worksheet - 0.8.0.v-2_12-201801021348-8ec1baf
2019-04-16 22:00:17,793 - org.eclipse.andmore.traceview - 0.5.1.201701251432
2019-04-16 22:00:17,809 - org.eclipse.mylyn.wikitext - 3.0.19.20171117145831
2019-04-16 22:00:17,809 - org.eclipse.mylyn.wikitext.ant - 3.0.19.20171117145831
2019-04-16 22:00:17,810 - org.eclipse.mylyn.wikitext.osgi - 3.0.19.201711172000
2019-04-16 22:00:17,810 - org.eclipse.mylyn.wikitext.asciidoc - 3.0.19.20171117145831
2019-04-16 22:00:17,811 - org.eclipse.mylyn.wikitext.textile - 3.0.19.20171117145831
2019-04-16 22:00:17,812 - org.eclipse.mylyn.wikitext.html - 3.0.19.20171117145831
2019-04-16 22:00:17,812 - org.eclipse.mylyn.wikitext.markdown - 3.0.19.20171117145831
2019-04-16 22:00:17,813 - org.eclipse.mylyn.wikitext.mediawiki - 3.0.19.20171117145831
2019-04-16 22:00:17,813 - org.eclipse.mylyn.wikitext.confluence - 3.0.19.20171117145831
2019-04-16 22:00:17,814 - org.eclipse.mylyn.wikitext.tracwiki - 3.0.19.20171117145831
2019-04-16 22:00:17,814 - org.eclipse.mylyn.wikitext.twiki - 3.0.19.20171117145831
2019-04-16 22:00:17,815 - org.eclipse.mylyn.wikitext.ui - 3.0.19.201711172000
2019-04-16 22:00:17,815 - org.eclipse.mylyn.wikitext.help.ui - 3.0.19.201711172000
2019-04-16 22:00:17,816 - org.eclipse.mylyn.wikitext.asciidoc.ui - 3.0.19.201711172000
2019-04-16 22:00:17,816 - org.eclipse.mylyn.wikitext.textile.ui - 3.0.19.201711172000
2019-04-16 22:00:17,817 - org.eclipse.mylyn.wikitext.markdown.ui - 3.0.19.201711172000
2019-04-16 22:00:17,818 - org.eclipse.mylyn.wikitext.mediawiki.ui - 3.0.19.201711172000
2019-04-16 22:00:17,818 - org.eclipse.mylyn.wikitext.confluence.ui - 3.0.19.201711172000
2019-04-16 22:00:17,819 - org.eclipse.mylyn.wikitext.tracwiki.ui - 3.0.19.201711172000
2019-04-16 22:00:17,819 - org.eclipse.mylyn.wikitext.twiki.ui - 3.0.19.201711172000
2019-04-16 22:00:17,833 - org.eclipse.sequoyah.localization.android - 2.1.0.N20120718-0509
2019-04-16 22:00:17,834 - org.eclipse.sequoyah.localization.android.help - 2.1.1.N20120718-0509
2019-04-16 22:00:17,848 - org.eclipse.m2e.logback.configuration - 1.8.3.20180227-2137
2019-04-16 22:00:17,849 - org.eclipse.m2e.logback.appender - 1.8.3.20180227-2137
2019-04-16 22:00:17,865 - org.eclipse.emf.codegen - 2.12.0.v20170609-0928
2019-04-16 22:00:17,881 - org.eclipse.wst.dtd.ui - 1.0.801.v201308100602
2019-04-16 22:00:17,882 - org.eclipse.wst.dtd.ui.infopop - 1.0.400.v201707252002
2019-04-16 22:00:17,882 - org.eclipse.wst.sse.ui.infopop - 1.0.300.v201707252002
2019-04-16 22:00:17,883 - org.eclipse.wst.xml.ui.infopop - 1.0.400.v201707252002
2019-04-16 22:00:17,884 - org.eclipse.wst.sse.ui - 1.3.600.v201707042340
2019-04-16 22:00:17,884 - org.eclipse.wst.xml.ui - 1.1.800.v201704102213
2019-04-16 22:00:17,886 - org.eclipse.wst.xsd.ui - 1.2.602.v201801171858
2019-04-16 22:00:17,901 - org.eclipse.datatools.doc.user - 1.7.0.20090521092446
2019-04-16 22:00:17,917 - org.eclipse.datatools.oda.cshelp - 1.3.1.201712071719
2019-04-16 22:00:17,917 - org.eclipse.datatools.help - 1.7.1.201712071719
2019-04-16 22:00:17,933 - org.eclipse.emf - 2.6.0.v20170609-0928
2019-04-16 22:00:17,944 - com.objectaid.uml.seq - 1.2.3
2019-04-16 22:00:17,945 - com.objectaid.uml.seq.java - 1.2.3
2019-04-16 22:00:17,945 - com.objectaid.uml - 1.2.3
2019-04-16 22:00:17,945 - com.objectaid.uml.java - 1.2.3
2019-04-16 22:00:17,958 - org.eclipse.userstorage - 1.1.0.v20170328-0205
2019-04-16 22:00:17,959 - org.eclipse.userstorage.ui - 1.0.2.v20170526-1605
2019-04-16 22:00:17,959 - org.eclipse.userstorage.oauth - 1.0.0.v20170526-1605
2019-04-16 22:00:17,974 - org.eclipse.mylyn.tasks.bugs - 3.23.1.v20170623-0008
2019-04-16 22:00:17,975 - org.eclipse.mylyn.help.ui - 3.23.1.v20170623-0008
2019-04-16 22:00:17,990 - org.eclipse.draw2d - 3.10.100.201606061308
2019-04-16 22:00:18,004 - org.eclipse.emf.edit - 2.12.0.v20170609-0928
2019-04-16 22:00:18,016 - org.eclipse.mylyn.commons.core - 3.23.0.v20170411-1844
2019-04-16 22:00:18,017 - org.eclipse.mylyn.commons.screenshots - 3.23.0.v20170411-1844
2019-04-16 22:00:18,018 - org.eclipse.mylyn.commons.ui - 3.23.0.v20170411-1844
2019-04-16 22:00:18,018 - org.eclipse.mylyn.commons.workbench - 3.23.0.v20170503-0014
2019-04-16 22:00:18,030 - org.eclipse.eclemma.core - 3.1.0.201804041601
2019-04-16 22:00:18,030 - org.eclipse.eclemma.doc - 3.1.0.201804041601
2019-04-16 22:00:18,030 - org.eclipse.eclemma.ui - 3.1.0.201804041601
2019-04-16 22:00:18,031 - org.jacoco.agent - 0.8.1.v20180329-2024
2019-04-16 22:00:18,031 - org.jacoco.core - 0.8.1.v20180329-2024
2019-04-16 22:00:18,032 - org.jacoco.report - 0.8.1.v20180329-2024
2019-04-16 22:00:18,032 - org.objectweb.asm - 6.0.0.v20180116-1719
2019-04-16 22:00:18,032 - org.objectweb.asm.commons - 6.0.0.v20180116-1719
2019-04-16 22:00:18,033 - org.objectweb.asm.tree - 6.0.0.v20180116-1719
2019-04-16 22:00:18,047 - org.eclipse.mylyn.bugzilla.ide - 3.23.0.v20170411-2108
2019-04-16 22:00:18,047 - org.eclipse.mylyn.ide.ui - 3.23.0.v20170411-2108
2019-04-16 22:00:18,061 - org.eclipse.wst.json.ui - 1.0.100.v201612232120
2019-04-16 22:00:18,062 - org.eclipse.wst.json.bower.ui - 1.0.0.v201605201503
2019-04-16 22:00:18,063 - org.eclipse.wst.json.eslint.ui - 1.0.0.v201605201503
2019-04-16 22:00:18,063 - org.eclipse.wst.json.jshint.ui - 1.0.0.v201605201503
2019-04-16 22:00:18,064 - org.eclipse.wst.json.npm.ui - 1.0.0.v201605201503
2019-04-16 22:00:18,079 - org.eclipse.emf.databinding.edit - 1.3.0.v20170609-0928
2019-04-16 22:00:18,096 - org.eclipse.emf.codegen.ecore - 2.13.0.v20170609-0928
2019-04-16 22:00:18,096 - org.eclipse.emf.ant - 2.8.0.v20170609-0928
2019-04-16 22:00:19,744 - org.eclipse.m2e.archetype.common - 1.8.3.20180227-2135
2019-04-16 22:00:19,758 - org.eclipse.m2e.maven.indexer - 1.8.3.20180227-2135
2019-04-16 22:00:19,759 - org.eclipse.m2e.model.edit - 1.8.3.20180227-2137
2019-04-16 22:00:19,759 - org.eclipse.m2e.core - 1.8.3.20180227-2137
2019-04-16 22:00:19,759 - org.eclipse.m2e.launching - 1.8.3.20180227-2137
2019-04-16 22:00:19,760 - org.eclipse.m2e.workspace.cli - 0.3.1
2019-04-16 22:00:19,761 - org.eclipse.m2e.jdt - 1.8.3.20180227-2137
2019-04-16 22:00:19,762 - org.eclipse.m2e.editor - 1.8.3.20180227-2137
2019-04-16 22:00:19,762 - org.eclipse.m2e.editor.xml - 1.8.3.20180227-2137
2019-04-16 22:00:19,771 - org.eclipse.m2e.maven.runtime - 1.8.3.20180227-2135
2019-04-16 22:00:19,841 - org.eclipse.m2e.maven.runtime.slf4j.simple - 1.8.3.20180227-2135
2019-04-16 22:00:19,842 - org.eclipse.m2e.refactoring - 1.8.3.20180227-2137
2019-04-16 22:00:19,843 - org.eclipse.m2e.lifecyclemapping.defaults - 1.8.3.20180227-2137
2019-04-16 22:00:19,844 - org.eclipse.m2e.discovery - 1.8.3.20180227-2137
2019-04-16 22:00:19,845 - org.eclipse.m2e.core.ui - 1.8.3.20180227-2137
2019-04-16 22:00:19,845 - org.eclipse.m2e.scm - 1.8.3.20180227-2137
2019-04-16 22:00:19,845 - org.eclipse.m2e.jdt.ui - 1.8.3.20180227-2137
2019-04-16 22:00:19,846 - org.eclipse.m2e.profiles.core - 1.8.3.20180227-2137
2019-04-16 22:00:19,846 - org.eclipse.m2e.profiles.ui - 1.8.3.20180227-2137
2019-04-16 22:00:19,847 - org.eclipse.m2e.importer - 1.8.3.20180227-2137
2019-04-16 22:00:19,863 - org.eclipse.andmore.ndk - 0.5.1.201701251432
2019-04-16 22:00:19,876 - org.eclipse.andmore.gldebugger - 0.5.1.201701251432
2019-04-16 22:00:19,890 - org.eclipse.mylyn.hudson.core - 1.15.0.v20170411-2141
2019-04-16 22:00:19,890 - org.eclipse.mylyn.hudson.ui - 1.15.0.v20170411-2141
2019-04-16 22:00:19,912 - org.apache.commons.lang - 2.6.0.v201404270220
2019-04-16 22:00:19,913 - org.eclipse.xtext.ui - 2.12.0.v20170519-0809
2019-04-16 22:00:19,913 - org.eclipse.xtext.common.types.ui - 2.12.0.v20170519-0809
2019-04-16 22:00:19,914 - org.eclipse.xtext.common.types.shared - 2.12.0.v20170519-0809
2019-04-16 22:00:19,915 - org.eclipse.xtext.common.types.shared.jdt38 - 2.12.0.v20170519-0809
2019-04-16 22:00:19,915 - org.eclipse.xtext.ui.shared - 2.12.0.v20170519-0809
2019-04-16 22:00:19,916 - org.eclipse.xtext.ui.ecore - 2.12.0.v20170519-0809
2019-04-16 22:00:19,917 - org.eclipse.xtext.ui.codetemplates - 2.12.0.v20170519-0809
2019-04-16 22:00:19,917 - org.eclipse.xtext.ui.codetemplates.ui - 2.12.0.v20170519-0809
2019-04-16 22:00:19,918 - org.eclipse.xtext.common.types.edit - 2.12.0.v20170519-0809
2019-04-16 22:00:19,919 - org.eclipse.xtext.ide - 2.12.0.v20170518-0959
2019-04-16 22:00:19,936 - org.eclipse.epp.mpc.core - 1.6.4.v20180214-1810
2019-04-16 22:00:19,936 - org.eclipse.epp.mpc.core.win32 - 1.6.4.v20180214-1800
2019-04-16 22:00:19,936 - org.eclipse.epp.mpc.ui - 1.6.4.v20180214-1800
2019-04-16 22:00:19,936 - org.eclipse.epp.mpc.help.ui - 1.6.4.v20180214-1800
2019-04-16 22:00:19,957 - org.eclipse.mylyn.git.core - 1.15.0.v20170411-2003
2019-04-16 22:00:19,958 - org.eclipse.mylyn.git.ui - 1.15.0.v20170411-2003
2019-04-16 22:00:19,978 - org.eclipse.datatools.connectivity.oda.consumer - 3.4.1.201712071719
2019-04-16 22:00:19,979 - org.eclipse.datatools.connectivity.oda.design - 3.5.1.201712071719
2019-04-16 22:00:19,979 - org.eclipse.datatools.connectivity.oda.profile - 3.4.1.201712071719
2019-04-16 22:00:19,980 - org.eclipse.datatools.connectivity.oda - 3.6.1.201712071719
2019-04-16 22:00:19,980 - org.eclipse.datatools.connectivity - 1.14.1.201712071719
2019-04-16 22:00:20,001 - org.eclipse.andmore.android.certmanager - 0.5.1.201701251432
2019-04-16 22:00:20,017 - org.eclipse.epp.package.java - 4.7.3.20180405-1200
2019-04-16 22:00:20,033 - org.eclipse.recommenders.snipmatch - 2.5.2.v20180401-1226
2019-04-16 22:00:20,033 - org.eclipse.recommenders.snipmatch.rcp - 2.5.2.v20180401-1226
2019-04-16 22:00:20,048 - org.scala-lang.scala-library - 2.12.3.v20170725-052526-VFINAL-6ac6da8
2019-04-16 22:00:20,049 - org.scala-lang.scala-compiler - 2.12.3.v20170725-052526-VFINAL-6ac6da8
2019-04-16 22:00:20,049 - org.scala-lang.scala-reflect - 2.12.3.v20170725-052526-VFINAL-6ac6da8
2019-04-16 22:00:20,050 - org.scala-lang.modules.scala-xml - 1.0.6
2019-04-16 22:00:20,051 - org.scala-lang.modules.scala-parser-combinators - 1.0.6
2019-04-16 22:00:20,052 - org.scala-ide.scala210.jars - 4.7.1.201801021322
2019-04-16 22:00:20,052 - org.scala-ide.scala211.jars - 4.7.1.201801021322
2019-04-16 22:00:20,077 - org.eclipse.cdt.gdb - 7.0.0.201802261533
2019-04-16 22:00:20,078 - org.eclipse.cdt.gdb.ui - 7.0.0.201802261533
2019-04-16 22:00:20,091 - com.objectaid.uml - 1.2.3
2019-04-16 22:00:20,091 - com.objectaid.uml.java - 1.2.3
2019-04-16 22:00:20,091 - com.objectaid.uml.cls - 1.2.3
2019-04-16 22:00:20,092 - com.objectaid.uml.cls.java - 1.2.3
2019-04-16 22:00:20,105 - org.eclipse.pde - 3.13.4.v20180330-0640
2019-04-16 22:00:21,245 - org.eclipse.pde.build - 3.9.300.v20170515-0912
2019-04-16 22:00:21,246 - org.eclipse.pde.core - 3.11.101.v20171228-1230
2019-04-16 22:00:21,246 - org.eclipse.pde.junit.runtime - 3.5.50.v20170923-0844
2019-04-16 22:00:21,247 - org.eclipse.pde.runtime - 3.6.0.v20170413-1620
2019-04-16 22:00:21,248 - org.eclipse.pde.ui - 3.10.100.v20180322-0726
2019-04-16 22:00:21,249 - org.eclipse.pde.doc.user - 3.13.75.v20180328-1557
2019-04-16 22:00:21,250 - org.eclipse.pde.ui.templates - 3.6.100.v20170515-0910
2019-04-16 22:00:21,250 - org.eclipse.ui.views.log - 1.2.100.v20170515-1458
2019-04-16 22:00:21,250 - org.objectweb.asm - 6.0.0.v20180116-1719
2019-04-16 22:00:21,250 - org.objectweb.asm.tree - 6.0.0.v20180116-1719
2019-04-16 22:00:21,251 - org.eclipse.pde.api.tools - 1.1.150.v20180328-0710
2019-04-16 22:00:21,251 - org.eclipse.pde.api.tools.annotations - 1.1.0.v20170118-0848
2019-04-16 22:00:21,252 - org.eclipse.pde.api.tools.ui - 1.1.101.v20170810-1621
2019-04-16 22:00:21,252 - org.eclipse.pde.ds.core - 1.1.100.v20170515-0910
2019-04-16 22:00:21,253 - org.eclipse.pde.ds.ui - 1.1.100.v20170515-0910
2019-04-16 22:00:21,253 - org.eclipse.pde.launching - 3.7.52.v20171222-1119
2019-04-16 22:00:21,254 - org.eclipse.pde.ua.core - 1.1.0.v20170201-2036
2019-04-16 22:00:21,255 - org.eclipse.pde.ua.ui - 1.1.100.v20170515-0910
2019-04-16 22:00:21,255 - org.eclipse.ui.trace - 1.1.0.v20170201-2036
2019-04-16 22:00:21,256 - org.eclipse.pde.ds.annotations - 1.1.1.v20180301-1154
2019-04-16 22:00:21,256 - org.eclipse.pde.genericeditor.extension - 1.0.0.v20170315-0955
2019-04-16 22:00:21,336 - org.eclipse.pde.ds.lib - 1.1.0.v20170303-1624
2019-04-16 22:00:21,414 - org.eclipse.pde.ds1_2.lib - 1.0.0.v20170303-1624
2019-04-16 22:00:21,415 - org.eclipse.tools.layout.spy - 1.0.0.v20170428-1608
2019-04-16 22:00:21,430 - org.eclipse.sequoyah.localization.tools - 2.1.0.N20120718-0509
2019-04-16 22:00:21,430 - org.eclipse.sequoyah.localization.editor - 2.1.0.N20120718-0509
2019-04-16 22:00:21,446 - org.eclipse.datatools.sqltools.parsers.sql.lexer - 1.2.1.201712071719
2019-04-16 22:00:21,446 - org.eclipse.datatools.sqltools.parsers.sql.query - 1.4.1.201712071719
2019-04-16 22:00:21,448 - org.eclipse.datatools.sqltools.parsers.sql.xml.query - 1.2.1.201712071719
2019-04-16 22:00:21,448 - org.eclipse.datatools.sqltools.parsers.sql - 1.2.1.201712071719
2019-04-16 22:00:21,462 - org.eclipse.mylyn.java.ui - 3.23.0.v20170411-2108
2019-04-16 22:00:21,463 - org.eclipse.mylyn.java.tasks - 3.23.0.v20170411-2108
2019-04-16 22:00:21,463 - org.eclipse.mylyn.ide.ui - 3.23.0.v20170411-2108
2019-04-16 22:00:21,463 - org.eclipse.mylyn.ide.ant - 3.23.0.v20170411-2108
2019-04-16 22:00:21,464 - org.eclipse.mylyn.debug.ui - 3.23.0.v20170411-2108
2019-04-16 22:00:21,479 - org.eclipse.mylyn.team.ui - 3.23.0.v20170411-2108
2019-04-16 22:00:21,494 - org.eclipse.xtext.activities - 2.12.0.v20170519-0809
2019-04-16 22:00:21,494 - org.eclipse.xtext.xtext.ui - 2.12.0.v20170519-0809
2019-04-16 22:00:21,495 - org.eclipse.xtext.xtext.ui.graph - 2.12.0.v20170519-0809
2019-04-16 22:00:21,495 - org.eclipse.xtext.doc - 2.12.0.v20170519-0809
2019-04-16 22:00:21,506 - org.eclipse.emf.common.ui - 2.12.0.v20170609-0928
2019-04-16 22:00:21,521 - org.eclipse.datatools.sqltools.sql - 1.2.1.201712071719
2019-04-16 22:00:21,521 - org.eclipse.datatools.sqltools.common.ui - 1.2.1.201712071719
2019-04-16 22:00:21,521 - org.eclipse.datatools.sqltools.plan - 1.2.1.201712071719
2019-04-16 22:00:21,521 - org.eclipse.datatools.sqltools.editor.core - 1.2.1.201712071719
2019-04-16 22:00:21,521 - org.eclipse.datatools.sqltools.sqleditor - 1.2.1.201712071719
2019-04-16 22:00:21,521 - org.eclipse.datatools.sqltools.ddlgen.ui - 1.2.1.201712071719
2019-04-16 22:00:21,522 - org.eclipse.datatools.connectivity.db.generic - 1.2.1.201712071719
2019-04-16 22:00:21,522 - org.eclipse.datatools.sqltools.editor.core.ui - 1.2.1.201712071719
2019-04-16 22:00:21,522 - org.eclipse.datatools.sqltools.sql.ui - 1.2.1.201712071719
2019-04-16 22:00:21,538 - org.eclipse.mylyn.commons.repositories.core - 1.15.0.v20170411-1844
2019-04-16 22:00:21,539 - org.eclipse.mylyn.commons.repositories.ui - 1.15.0.v20170411-1844
2019-04-16 22:00:21,553 - org.eclipse.sequoyah.device.common.utilities - 2.1.0.N20120718-0509
2019-04-16 22:00:21,566 - org.eclipse.andmore.android.common - 0.5.1.201701251432
2019-04-16 22:00:21,567 - org.eclipse.andmore.android.codeutils - 0.5.1.201701251432
2019-04-16 22:00:21,567 - org.eclipse.andmore.android.translation - 0.5.1.201701251432
2019-04-16 22:00:21,568 - org.eclipse.andmore.android.codesnippets - 0.5.1.201701251432
2019-04-16 22:00:21,569 - org.eclipse.andmore.android.db.core - 0.5.1.201701251432
2019-04-16 22:00:21,569 - org.eclipse.andmore.android.logger - 0.5.1.201701251432
2019-04-16 22:00:21,570 - org.eclipse.andmore.android - 0.5.1.201701251432
2019-04-16 22:00:21,571 - org.eclipse.andmore.android.emulator - 0.5.1.201701251432
2019-04-16 22:00:21,572 - org.eclipse.andmore.android.launch - 0.5.1.201701251432
2019-04-16 22:00:21,573 - org.eclipse.andmore.android.packaging.ui - 0.5.1.201701251432
2019-04-16 22:00:21,574 - org.eclipse.andmore.android.handset - 0.5.1.201701251432
2019-04-16 22:00:21,574 - org.eclipse.andmore.android.remote - 0.5.1.201701251432
2019-04-16 22:00:21,574 - org.eclipse.andmore.android.win32.x86_64 - 0.5.1.201701251432
2019-04-16 22:00:21,575 - org.eclipse.andmore.android.mat - 0.5.1.201701251432
2019-04-16 22:00:21,576 - org.eclipse.andmore.android.devices.services - 0.5.1.201701251432
2019-04-16 22:00:21,576 - org.eclipse.andmore.android.db.devices - 0.5.1.201701251432
2019-04-16 22:00:21,577 - org.eclipse.andmore.android.installer - 0.5.1.201701251432
2019-04-16 22:00:21,578 - org.eclipse.andmore.android.logger.collector - 0.5.1.201701251432
2019-04-16 22:00:21,594 - org.eclipse.emf.mapping.ui - 2.7.0.v20170609-0928
2019-04-16 22:00:21,610 - org.eclipse.mylyn.monitor.core - 3.23.0.v20170411-1844
2019-04-16 22:00:21,611 - org.eclipse.mylyn.monitor.ui - 3.23.0.v20170411-1844
2019-04-16 22:00:21,628 - org.eclipse.xtext.purexbase - 2.12.0.v20170519-0752
2019-04-16 22:00:21,629 - org.eclipse.xtext.purexbase.ide - 2.12.0.v20170519-0752
2019-04-16 22:00:21,630 - org.eclipse.xtext.purexbase.ui - 2.12.0.v20170519-0809
2019-04-16 22:00:21,631 - org.eclipse.xtext.m2e - 2.12.0.v20170519-0809
2019-04-16 22:00:21,631 - org.eclipse.xtext.idea.generator - 2.12.0.v20170519-0809
2019-04-16 22:00:21,775 - org.scala-ide.zinc.library - 1.0.0.v-2_12-201801021322-2dfe808
2019-04-16 22:00:21,775 - org.scala-ide.zinc.compiler.bridge - 1.0.0.v-201801021322-2dfe808
2019-04-16 22:00:21,876 - org.eclipse.datatools.connectivity.oda.template.ui - 3.4.1.201712071719
2019-04-16 22:00:21,920 - org.eclipse.sequoyah.vnc.vncviewer - 2.1.0.N20120718-0509
2019-04-16 22:00:21,941 - org.eclipse.emf.codegen.ecore.ui - 2.13.0.v20170609-0928
2019-04-16 22:00:21,957 - org.eclipse.emf.ecore.editor - 2.13.0.v20170609-0928
2019-04-16 22:00:21,986 - org.eclipse.mylyn.builds.core - 1.15.0.v20170411-2141
2019-04-16 22:00:21,986 - org.eclipse.mylyn.builds.ui - 1.15.0.v20170411-2141
2019-04-16 22:00:22,003 - org.eclipse.mylyn.context.core - 3.23.0.v20170411-2108
2019-04-16 22:00:22,004 - org.eclipse.mylyn.context.ui - 3.23.0.v20170414-0629
2019-04-16 22:00:22,005 - org.eclipse.mylyn.resources.ui - 3.23.0.v20170411-2108
2019-04-16 22:00:22,005 - org.eclipse.mylyn.context.tasks.ui - 3.23.0.v20170411-2108
2019-04-16 22:00:22,020 - org.eclipse.emf.databinding - 1.3.0.v20170609-0928
2019-04-16 22:00:22,036 - org.eclipse.datatools.connectivity.sqm.core.ui - 1.4.1.201712071719
2019-04-16 22:00:22,036 - org.eclipse.datatools.connectivity.sqm.core - 1.4.1.201712071719
2019-04-16 22:00:22,037 - org.eclipse.datatools.connectivity.sqm.server.ui - 1.3.1.201712071719
2019-04-16 22:00:22,037 - org.eclipse.datatools.connectivity.ui.dse - 1.3.1.201712071719
2019-04-16 22:00:22,037 - org.eclipse.datatools.connectivity.ui - 1.4.1.201712071719
2019-04-16 22:00:22,037 - org.eclipse.datatools.connectivity - 1.14.1.201712071719
2019-04-16 22:00:22,037 - org.eclipse.datatools.help - 1.7.1.201712071719
2019-04-16 22:00:22,038 - org.eclipse.datatools.connectivity.console.profile - 1.2.1.201712071719
2019-04-16 22:00:22,051 - org.eclipse.recommenders.news - 2.5.2.v20180401-1226
2019-04-16 22:00:22,052 - org.eclipse.recommenders.news.api - 2.5.2.v20180401-1226
2019-04-16 22:00:22,052 - org.eclipse.recommenders.news.impl - 2.5.2.v20180401-1226
2019-04-16 22:00:22,053 - org.eclipse.recommenders.news.rcp - 2.5.2.v20180401-1226
2019-04-16 22:00:22,068 - org.eclipse.oomph.setup - 1.9.0.v20180203-0645
2019-04-16 22:00:22,068 - org.eclipse.oomph.setup.edit - 1.9.0.v20180308-1210
2019-04-16 22:00:22,069 - org.eclipse.oomph.setup.core - 1.9.0.v20180310-0545
2019-04-16 22:00:22,069 - org.eclipse.oomph.setup.sync - 1.9.0.v20171221-1140
2019-04-16 22:00:22,070 - org.eclipse.oomph.setup.p2 - 1.9.0.v20171221-1140
2019-04-16 22:00:22,070 - org.eclipse.oomph.setup.p2.edit - 1.9.0.v20171221-1140
2019-04-16 22:00:22,071 - org.eclipse.oomph.preferences - 1.9.0.v20171221-1140
2019-04-16 22:00:22,072 - org.eclipse.oomph.jreinfo - 1.9.0.v20171221-1140
2019-04-16 22:00:22,072 - org.eclipse.oomph.jreinfo.win32.x86_64 - 1.2.0.v20160426-0508
2019-04-16 22:00:22,072 - org.eclipse.oomph.extractor.lib - 1.4.0.v20171221-1140
2019-04-16 22:00:22,089 - org.eclipse.wst.jsdt.core - 2.0.301.v201710051729
2019-04-16 22:00:22,090 - org.eclipse.wst.jsdt.manipulation - 1.0.601.v201602241911
2019-04-16 22:00:22,090 - org.eclipse.wst.jsdt.ui - 2.0.301.v201710051729
2019-04-16 22:00:22,090 - org.eclipse.wst.jsdt.support.firefox - 1.0.501.v201602241911
2019-04-16 22:00:22,091 - org.eclipse.wst.jsdt.support.ie - 1.0.601.v201602241911
2019-04-16 22:00:22,092 - org.eclipse.wst.jsdt.doc - 2.0.200.v201710302345
2019-04-16 22:00:22,093 - org.eclipse.wst.jsdt.debug.core - 3.2.200.v201610211901
2019-04-16 22:00:22,094 - org.eclipse.wst.jsdt.debug.transport - 1.0.300.v201502261613
2019-04-16 22:00:22,094 - org.eclipse.wst.jsdt.debug.crossfire - 1.0.500.v201505071819
2019-04-16 22:00:22,095 - org.eclipse.wst.jsdt.debug.rhino - 1.0.500.v201605251607
2019-04-16 22:00:22,096 - org.eclipse.wst.jsdt.debug.rhino.debugger - 1.0.600.v201604292217
2019-04-16 22:00:22,096 - org.eclipse.wst.jsdt.debug.ui - 1.0.600.v201605311817
2019-04-16 22:00:22,097 - org.mozilla.javascript - 1.7.5.v201504281450
2019-04-16 22:00:22,097 - com.google.guava - 21.0.0.v20170206-1425
2019-04-16 22:00:22,098 - com.google.javascript - 0.0.20160315.v20161124-1903
2019-04-16 22:04:50,903 - os.name - Windows 10
2019-04-16 22:04:50,920 - os.arch - amd64
2019-04-16 22:04:50,920 - os.version - 10.0
2019-04-16 22:04:50,920 - java.version - 1.8.0_161
2019-04-16 22:04:50,920 - java.vendor - Oracle Corporation
2019-04-16 22:04:50,920 - java.vendor.url - http://java.oracle.com/
2019-04-16 22:04:50,920 - java.home - C:\Program Files\Java\jre1.8.0_161
2019-04-16 22:04:50,920 - java.vm.specification.name - Java Virtual Machine Specification
2019-04-16 22:04:50,920 - java.vm.specification.vendor - Oracle Corporation
2019-04-16 22:04:50,920 - java.vm.specification.version - 1.8
2019-04-16 22:04:50,920 - java.class.path - C:\Users\monik\eclipse\java-oxygen\eclipse\\plugins/org.eclipse.equinox.launcher_1.4.0.v20161219-1356.jar
2019-04-16 22:04:50,920 - java.library.path - C:\Users\monik\eclipse\java-oxygen\eclipse;C:\WINDOWS\Sun\Java\bin;C:\WINDOWS\system32;C:\WINDOWS;C:/Program Files/Java/jre1.8.0_161/bin/server;C:/Program Files/Java/jre1.8.0_161/bin;C:/Program Files/Java/jre1.8.0_161/lib/amd64;C:\app\monik\product\12.2.0\dbhome_1\bin;C:\ProgramData\Oracle\Java\javapath;C:\Program Files (x86)\Intel\iCLS Client\;C:\Program Files\Intel\iCLS Client\;C:\WINDOWS\system32;C:\WINDOWS;C:\WINDOWS\System32\Wbem;C:\WINDOWS\System32\WindowsPowerShell\v1.0\;C:\Program Files (x86)\Intel\Intel(R) Management Engine Components\DAL;C:\Program Files\Intel\Intel(R) Management Engine Components\DAL;C:\Program Files (x86)\Intel\Intel(R) Management Engine Components\IPT;C:\Program Files\Intel\Intel(R) Management Engine Components\IPT;C:\WINDOWS\System32\OpenSSH\;C:\Program Files\Intel\WiFi\bin\;C:\Program Files\Common Files\Intel\WirelessCommon\;C:\Program Files\TortoiseGit\bin;C:\Users\monik\AppData\Local\Microsoft\WindowsApps;C:\Users\monik\Desktop;;.
2019-04-16 22:04:50,920 - --------------------------------------
2019-04-16 22:04:50,920 - ## Eclipse Plug-ins Log Information ##
2019-04-16 22:04:50,920 - --------------------------------------
2019-04-16 22:04:50,933 - javax.el - 2.2.0.v201303151357
2019-04-16 22:04:50,933 - javax.servlet - 3.1.0.v201410161800
2019-04-16 22:04:50,933 - javax.servlet.jsp - 2.2.0.v201112011158
2019-04-16 22:04:50,933 - com.sun.el - 2.2.0.v201303151357
2019-04-16 22:04:50,933 - org.apache.commons.logging - 1.1.1.v201101211721
2019-04-16 22:04:50,933 - org.apache.jasper.glassfish - 2.2.2.v201501141630
2019-04-16 22:04:50,933 - org.apache.lucene.analyzers-common - 6.1.0.v20161115-1612
2019-04-16 22:04:50,933 - org.apache.lucene.core - 6.1.0.v20170814-1820
2019-04-16 22:04:50,949 - org.apache.lucene.analyzers-smartcn - 6.1.0.v20161115-1612
2019-04-16 22:04:50,949 - org.apache.lucene.misc - 6.1.0.v20161115-1612
2019-04-16 22:04:50,949 - org.eclipse.equinox.http.jetty - 3.4.0.v20170503-2025
2019-04-16 22:04:50,949 - org.eclipse.equinox.http.registry - 1.1.400.v20150715-1528
2019-04-16 22:04:50,949 - org.eclipse.equinox.http.servlet - 1.4.0.v20170524-1452
2019-04-16 22:04:50,949 - org.eclipse.equinox.jsp.jasper - 1.0.500.v20150119-1358
2019-04-16 22:04:50,949 - org.eclipse.equinox.jsp.jasper.registry - 1.0.300.v20130327-1442
2019-04-16 22:04:50,949 - org.eclipse.help.base - 4.2.153.v20180330-0640
2019-04-16 22:04:50,949 - org.eclipse.help.ui - 4.1.0.v20170311-0931
2019-04-16 22:04:50,949 - org.eclipse.help.webapp - 3.9.1.v20170816-0843
2019-04-16 22:04:50,949 - org.eclipse.jetty.continuation - 9.4.8.v20171121
2019-04-16 22:04:50,949 - org.eclipse.jetty.http - 9.4.8.v20171121
2019-04-16 22:04:50,965 - org.eclipse.jetty.io - 9.4.8.v20171121
2019-04-16 22:04:50,965 - org.eclipse.jetty.security - 9.4.8.v20171121
2019-04-16 22:04:50,965 - org.eclipse.jetty.server - 9.4.8.v20171121
2019-04-16 22:04:50,965 - org.eclipse.jetty.servlet - 9.4.8.v20171121
2019-04-16 22:04:50,965 - org.eclipse.jetty.util - 9.4.8.v20171121
2019-04-16 22:04:50,965 - org.eclipse.core.net - 1.3.100.v20170516-0820
2019-04-16 22:04:50,965 - org.eclipse.equinox.security - 1.2.300.v20170505-1235
2019-04-16 22:04:51,266 - com.objectaid.uml.addon - 1.2.3
2019-04-16 22:04:51,266 - com.objectaid.uml.addon.java - 1.2.3
2019-04-16 22:04:51,271 - com.objectaid.uml - 1.2.3
2019-04-16 22:04:51,271 - com.objectaid.uml.addon.cls - 1.2.3
2019-04-16 22:04:51,287 - org.eclipse.mylyn.bugzilla.core - 3.23.1.v20170623-0008
2019-04-16 22:04:51,287 - org.eclipse.mylyn.bugzilla.ui - 3.23.1.v20170623-0008
2019-04-16 22:04:51,287 - org.eclipse.andmore.hierarchyviewer - 0.5.1.201701251432
2019-04-16 22:04:51,318 - org.eclipse.sequoyah.device.backward - 2.1.0.N20120718-0509
2019-04-16 22:04:51,318 - org.eclipse.sequoyah.device.framework - 2.1.0.N20120718-0509
2019-04-16 22:04:51,318 - org.eclipse.sequoyah.device.framework.ui - 2.1.0.N20120718-0509
2019-04-16 22:04:51,318 - org.eclipse.sequoyah.device.service.start - 2.1.0.N20120718-0509
2019-04-16 22:04:51,333 - org.eclipse.sequoyah.device.service.stop - 2.1.0.N20120718-0509
2019-04-16 22:04:51,333 - org.eclipse.sequoyah.device.framework.wizard - 2.1.0.N20120718-0509
2019-04-16 22:04:51,333 - org.eclipse.xtext.xbase.lib - 2.12.0.v20170518-0757
2019-04-16 22:04:51,346 - org.eclipse.buildship.core - 2.2.1.v20180125-1441
2019-04-16 22:04:51,346 - org.eclipse.buildship.ui - 2.2.1.v20180125-1441
2019-04-16 22:04:51,346 - org.eclipse.buildship.branding - 2.2.1.v20180125-1441
2019-04-16 22:04:51,346 - org.eclipse.buildship.stsmigration - 2.2.1.v20180125-1441
2019-04-16 22:04:51,346 - org.eclipse.mylyn.tasks.core - 3.23.1.v20170623-0008
2019-04-16 22:04:51,346 - org.eclipse.mylyn.tasks.index.core - 3.23.1.v20170623-0008
2019-04-16 22:04:51,356 - org.eclipse.mylyn.tasks.index.ui - 3.23.1.v20170623-0008
2019-04-16 22:04:51,357 - org.eclipse.mylyn.tasks.search - 3.23.1.v20170623-0008
2019-04-16 22:04:51,357 - org.eclipse.mylyn.tasks.ui - 3.23.1.v20170623-0008
2019-04-16 22:04:51,357 - org.eclipse.egit.core - 4.9.2.201712150930-r
2019-04-16 22:04:51,357 - org.eclipse.egit.ui - 4.9.2.201712150930-r
2019-04-16 22:04:51,357 - org.eclipse.egit - 4.9.2.201712150930-r
2019-04-16 22:04:51,357 - org.eclipse.egit.doc - 4.9.2.201712150930-r
2019-04-16 22:04:51,373 - org.eclipse.wst.jsdt.web.core - 1.0.901.v201707142218
2019-04-16 22:04:51,373 - org.eclipse.wst.jsdt.web.ui - 1.1.0.v201711080031
2019-04-16 22:04:51,373 - org.eclipse.wst.html.ui.infopop - 1.0.201.v201707252002
2019-04-16 22:04:51,373 - org.eclipse.wst.web.ui.infopop - 1.0.300.v200805140206
2019-04-16 22:04:51,373 - org.eclipse.wst.css.ui - 1.0.1100.v201704250105
2019-04-16 22:04:51,373 - org.eclipse.wst.html.ui - 1.0.1200.v201608060428
2019-04-16 22:04:51,373 - org.eclipse.wst.web.ui - 1.1.601.v201602221748
2019-04-16 22:04:51,373 - org.eclipse.gef - 3.11.0.201606061308
2019-04-16 22:04:51,389 - org.eclipse.mylyn.commons.identity.core - 1.15.0.v20170411-1844
2019-04-16 22:04:51,389 - org.eclipse.oomph.p2 - 1.9.0.v20171221-1140
2019-04-16 22:04:51,389 - org.eclipse.oomph.p2.core - 1.9.0.v20171221-1140
2019-04-16 22:04:51,389 - org.eclipse.oomph.p2.edit - 1.9.0.v20171221-1140
2019-04-16 22:04:51,389 - org.eclipse.oomph.p2.ui - 1.9.0.v20171221-1140
2019-04-16 22:04:51,389 - org.eclipse.oomph.p2.doc - 1.9.0.v20171221-1140
2019-04-16 22:04:51,389 - org.eclipse.xtext.xbase - 2.12.0.v20170519-0752
2019-04-16 22:04:51,389 - org.eclipse.xtext.xbase.ui - 2.12.0.v20170519-0809
2019-04-16 22:04:51,389 - org.eclipse.xtext.xbase.ide - 2.12.0.v20170519-0752
2019-04-16 22:04:51,406 - org.eclipse.emf.codegen.ui - 2.6.0.v20170609-0928
2019-04-16 22:04:51,406 - org.eclipse.datatools.enablement.sqlite - 1.2.1.201712071719
2019-04-16 22:04:51,406 - org.eclipse.datatools.enablement.sqlite.dbdefinition - 1.2.1.201712071719
2019-04-16 22:04:51,462 - org.eclipse.datatools.enablement.sqlite.ui - 1.2.1.201712071719
2019-04-16 22:04:51,462 - org.eclipse.datatools.enablement.finfo - 1.7.0.201712071719
2019-04-16 22:04:51,478 - org.eclipse.mylyn.commons.notifications.core - 1.15.0.v20170411-1844
2019-04-16 22:04:51,478 - org.eclipse.mylyn.commons.notifications.feed - 1.15.0.v20170411-1844
2019-04-16 22:04:51,494 - org.eclipse.mylyn.commons.notifications.ui - 1.15.0.v20170411-1844
2019-04-16 22:04:51,494 - org.eclipse.emf.converter - 2.8.0.v20170609-0928
2019-04-16 22:04:51,494 - org.eclipse.emf.importer - 2.9.0.v20170609-0928
2019-04-16 22:04:51,494 - org.eclipse.emf.exporter - 2.7.0.v20170609-0928
2019-04-16 22:04:51,494 - org.eclipse.emf.importer.ecore - 2.8.0.v20170609-0928
2019-04-16 22:04:51,494 - org.eclipse.emf.importer.java - 2.8.0.v20170609-0928
2019-04-16 22:04:51,494 - org.eclipse.emf.importer.rose - 2.8.0.v20170609-0928
2019-04-16 22:04:51,494 - org.eclipse.emf.edit.ui - 2.13.0.v20170609-0928
2019-04-16 22:04:51,509 - org.eclipse.help - 3.8.1.v20170815-1448
2019-04-16 22:04:51,509 - org.eclipse.ui - 3.109.0.v20170411-1742
2019-04-16 22:04:51,509 - org.eclipse.ui.workbench - 3.110.1.v20170704-1208
2019-04-16 22:04:51,509 - org.eclipse.update.configurator - 3.3.400.v20160506-0750
2019-04-16 22:04:51,509 - org.eclipse.rcp - 4.7.3.v20180330-0640
2019-04-16 22:04:51,509 - org.eclipse.recommenders.rcp - 2.5.2.v20180401-1226
2019-04-16 22:04:51,509 - org.eclipse.recommenders.apidocs - 2.5.2.v20180401-1226
2019-04-16 22:04:51,509 - org.eclipse.recommenders.apidocs.rcp - 2.5.2.v20180401-1226
2019-04-16 22:04:51,509 - org.eclipse.recommenders.calls - 2.5.2.v20180401-1226
2019-04-16 22:04:51,509 - org.eclipse.recommenders.calls.rcp - 2.5.2.v20180401-1226
2019-04-16 22:04:51,525 - org.eclipse.recommenders.chain.rcp - 2.5.2.v20180401-1226
2019-04-16 22:04:51,525 - org.eclipse.recommenders.completion.rcp - 2.5.2.v20180401-1226
2019-04-16 22:04:51,525 - org.eclipse.recommenders.constructors - 2.5.2.v20180401-1226
2019-04-16 22:04:51,525 - org.eclipse.recommenders.constructors.rcp - 2.5.2.v20180401-1226
2019-04-16 22:04:51,525 - org.eclipse.recommenders.coordinates - 2.5.2.v20180401-1226
2019-04-16 22:04:51,525 - org.eclipse.recommenders.coordinates.rcp - 2.5.2.v20180401-1226
2019-04-16 22:04:51,525 - org.eclipse.recommenders.injection - 2.5.2.v20180401-1226
2019-04-16 22:04:51,525 - org.eclipse.recommenders.jayes - 2.5.2.v20180401-1226
2019-04-16 22:04:51,525 - org.eclipse.recommenders.jayes.io - 2.5.2.v20180401-1226
2019-04-16 22:04:51,525 - org.eclipse.recommenders.jdt - 2.5.2.v20180401-1226
2019-04-16 22:04:51,525 - org.eclipse.recommenders.models - 2.5.2.v20180401-1226
2019-04-16 22:04:51,525 - org.eclipse.recommenders.models.rcp - 2.5.2.v20180401-1226
2019-04-16 22:04:51,525 - org.eclipse.recommenders.net - 2.5.2.v20180401-1226
2019-04-16 22:04:51,525 - org.eclipse.recommenders.overrides - 2.5.2.v20180401-1226
2019-04-16 22:04:51,525 - org.eclipse.recommenders.overrides.rcp - 2.5.2.v20180401-1226
2019-04-16 22:04:51,525 - org.eclipse.recommenders.subwords.rcp - 2.5.2.v20180401-1226
2019-04-16 22:04:51,525 - org.eclipse.recommenders.statics - 2.5.2.v20180401-1226
2019-04-16 22:04:51,525 - org.eclipse.recommenders.statics.rcp - 2.5.2.v20180401-1226
2019-04-16 22:04:51,541 - org.eclipse.recommenders.types.rcp - 2.5.2.v20180401-1226
2019-04-16 22:04:51,541 - org.eclipse.recommenders.utils - 2.5.2.v20180401-1226
2019-04-16 22:04:51,541 - org.eclipse.recommenders.utils.rcp - 2.5.2.v20180401-1226
2019-04-16 22:04:51,855 - org.scala-ide.sdt.core - 4.7.1.v-2_12-201801021323-2dfe808
2019-04-16 22:04:51,855 - org.scala-ide.sdt.debug - 4.7.1.v-2_12-201801021323-2dfe808
2019-04-16 22:04:51,855 - org.scala-refactoring.library - 0.14.0.2_12-201709280027-d321a80
2019-04-16 22:04:51,855 - scalariform - 0.2.6.2_12-201710291041-16befb2
2019-04-16 22:04:51,855 - org.eclipse.nebula.widgets.tablecombo - 1.2.0.201712122235
2019-04-16 22:04:51,855 - org.scala-ide.sdt.debug.expression - 4.7.1.v-2_12-201801021323-2dfe808
2019-04-16 22:04:51,868 - org.eclipse.mylyn.commons.repositories.http.core - 1.15.0.v20170411-1844
2019-04-16 22:04:51,922 - org.eclipse.datatools.connectivity.oda.design.ui - 3.4.1.201712071719
2019-04-16 22:04:51,922 - org.eclipse.datatools.connectivity.ui.dse - 1.3.1.201712071719
2019-04-16 22:04:51,922 - org.eclipse.datatools.connectivity.ui - 1.4.1.201712071719
2019-04-16 22:04:51,922 - org.eclipse.datatools.connectivity.sqm.core - 1.4.1.201712071719
2019-04-16 22:04:51,922 - org.eclipse.datatools.help - 1.7.1.201712071719
2019-04-16 22:04:51,930 - org.eclipse.jdt - 3.13.4.v20180330-0640
2019-04-16 22:04:51,930 - org.eclipse.ant.ui - 3.7.0.v20170412-1054
2019-04-16 22:04:51,930 - org.eclipse.jdt.apt.core - 3.5.100.v20180322-1206
2019-04-16 22:04:51,930 - org.eclipse.jdt.apt.ui - 3.5.50.v20180322-1206
2019-04-16 22:04:51,930 - org.eclipse.jdt.apt.pluggable.core - 1.2.50.v20180322-1206
2019-04-16 22:04:51,930 - org.eclipse.jdt.compiler.apt - 1.3.110.v20180329-0935
2019-04-16 22:04:51,930 - org.eclipse.jdt.compiler.tool - 1.2.101.v20180329-0935
2019-04-16 22:04:51,930 - org.eclipse.jdt.core - 3.13.102.v20180330-0919
2019-04-16 22:04:51,930 - org.eclipse.jdt.annotation - 2.1.150.v20180322-1206
2019-04-16 22:04:51,930 - org.eclipse.jdt.annotation - 2.1.150.v20180322-1206
2019-04-16 22:04:51,930 - org.eclipse.jdt.core.manipulation - 1.9.100.v20180321-0831
2019-04-16 22:04:51,930 - org.eclipse.jdt.debug.ui - 3.8.100.v20180322-1256
2019-04-16 22:04:51,959 - org.eclipse.jdt.debug - 3.11.50.v20170920-1717
2019-04-16 22:04:51,959 - org.eclipse.jdt.junit - 3.10.75.v20180322-1731
2019-04-16 22:04:51,959 - org.eclipse.jdt.junit.core - 3.9.100.v20180321-0831
2019-04-16 22:04:51,959 - org.eclipse.jdt.junit.runtime - 3.4.651.v20171130-0906
2019-04-16 22:04:51,959 - org.eclipse.jdt.junit4.runtime - 1.1.650.v20170920-1015
2019-04-16 22:04:51,959 - org.eclipse.jdt.junit5.runtime - 1.0.1.v20171130-0906
2019-04-16 22:04:51,959 - org.eclipse.jdt.launching - 3.9.100.v20180323-1351
2019-04-16 22:04:51,959 - org.eclipse.jdt.ui - 3.13.100.v20180330-0726
2019-04-16 22:04:51,959 - org.junit - 4.12.0.v201504281640
2019-04-16 22:04:51,959 - org.hamcrest.core - 1.3.0.v201303031735
2019-04-16 22:04:51,959 - org.junit.jupiter.api - 5.0.0.v20170910-2246
2019-04-16 22:04:51,959 - org.junit.jupiter.engine - 5.0.0.v20170910-2246
2019-04-16 22:04:51,974 - org.junit.jupiter.migrationsupport - 5.0.0.v20170910-2246
2019-04-16 22:04:51,974 - org.junit.jupiter.params - 5.0.0.v20170910-2246
2019-04-16 22:04:51,974 - org.junit.platform.commons - 1.0.0.v20170910-2246
2019-04-16 22:04:51,974 - org.junit.platform.engine - 1.0.0.v20170910-2246
2019-04-16 22:04:51,974 - org.junit.platform.launcher - 1.0.0.v20170910-2246
2019-04-16 22:04:51,974 - org.junit.platform.runner - 1.0.0.v20170910-2246
2019-04-16 22:04:51,974 - org.junit.platform.suite.api - 1.0.0.v20170910-2246
2019-04-16 22:04:51,974 - org.junit.vintage.engine - 4.12.0.v20170910-2246
2019-04-16 22:04:51,990 - org.opentest4j - 1.0.0.v20170910-2246
2019-04-16 22:04:51,990 - org.apiguardian - 1.0.0.v20170910-2246
2019-04-16 22:04:51,990 - org.eclipse.jdt.doc.user - 3.13.75.v20180329-0655
2019-04-16 22:04:51,990 - org.eclipse.ant.launching - 1.2.1.v20171108-0853
2019-04-16 22:04:52,006 - org.eclipse.emf.common - 2.13.0.v20170609-0707
2019-04-16 22:04:52,170 - org.eclipse.fx.ide.css - 3.0.0.201705220750
2019-04-16 22:04:52,170 - org.eclipse.fx.ide.css.cssext - 3.0.0.201705220750
2019-04-16 22:04:52,170 - org.eclipse.fx.ide.css.cssext.ui - 3.0.0.201705220750
2019-04-16 22:04:52,170 - org.eclipse.fx.ide.css.ui - 3.0.0.201705220750
2019-04-16 22:04:52,170 - org.eclipse.fx.ide.css.jfx2 - 3.0.0.201705220750
2019-04-16 22:04:52,170 - org.eclipse.fx.ide.css.jfx8 - 3.0.0.201705220750
2019-04-16 22:04:52,170 - org.eclipse.fx.ide.css.cssext.proposals - 3.0.0.201705220750
2019-04-16 22:04:52,170 - org.eclipse.fx.ui.panes - 3.0.0.201705220600
2019-04-16 22:04:52,170 - org.eclipse.fx.ui.controls - 3.0.0.201705220600
2019-04-16 22:04:52,170 - org.eclipse.fx.ui.animation - 3.0.0.201705220600
2019-04-16 22:04:52,170 - org.eclipse.sequoyah.vnc.vncviewer.vncviews - 2.1.0.N20120718-0509
2019-04-16 22:04:52,170 - org.eclipse.egit.mylyn.ui - 4.9.2.201712150930-r
2019-04-16 22:04:52,201 - org.eclipse.xtend.core - 2.12.0.v20170519-0902
2019-04-16 22:04:52,201 - org.eclipse.xtend.ide.common - 2.12.0.v20170519-0902
2019-04-16 22:04:52,201 - org.eclipse.xtend.ide - 2.12.0.v20170519-0902
2019-04-16 22:04:52,201 - org.eclipse.xtend.examples - 2.12.0.v20170519-0902
2019-04-16 22:04:52,201 - org.eclipse.xtend.doc - 2.12.0.v20170519-0902
2019-04-16 22:04:52,201 - org.eclipse.xtend.m2e - 2.12.0.v20170519-0902
2019-04-16 22:04:52,201 - org.eclipse.xtend.standalone - 2.12.0.v20170519-0902
2019-04-16 22:04:52,201 - org.eclipse.xtext.junit4 - 2.12.0.v20170519-0809
2019-04-16 22:04:52,201 - org.eclipse.xtext.testing - 2.12.0.v20170518-0959
2019-04-16 22:04:52,201 - org.eclipse.xtext.xbase.junit - 2.12.0.v20170519-0809
2019-04-16 22:04:52,201 - org.eclipse.xtext.xbase.testing - 2.12.0.v20170519-0752
2019-04-16 22:04:52,201 - org.eclipse.xtext.ui.testing - 2.12.0.v20170519-0809
2019-04-16 22:04:52,201 - org.eclipse.xtext.xbase.ui.testing - 2.12.0.v20170519-0809
2019-04-16 22:04:52,217 - org.eclipse.datatools.sqltools.common.ui - 1.2.1.201712071719
2019-04-16 22:04:52,217 - org.eclipse.datatools.sqltools.debugger.core - 1.2.1.201712071719
2019-04-16 22:04:52,217 - org.eclipse.datatools.sqltools.editor.core - 1.2.1.201712071719
2019-04-16 22:04:52,217 - org.eclipse.datatools.sqltools.plan - 1.2.1.201712071719
2019-04-16 22:04:52,217 - org.eclipse.datatools.sqltools.routineeditor - 1.2.1.201712071719
2019-04-16 22:04:52,217 - org.eclipse.datatools.sqltools.sql - 1.2.1.201712071719
2019-04-16 22:04:52,217 - org.eclipse.datatools.sqltools.sqleditor - 1.2.1.201712071719
2019-04-16 22:04:52,217 - org.eclipse.datatools.sqltools.sqlscrapbook - 1.2.1.201712071719
2019-04-16 22:04:52,217 - org.eclipse.datatools.help - 1.7.1.201712071719
2019-04-16 22:04:52,217 - org.eclipse.datatools.sqltools.db.generic - 1.2.1.201712071719
2019-04-16 22:04:52,217 - org.eclipse.datatools.sqltools.debugger.core.ui - 1.2.1.201712071719
2019-04-16 22:04:52,217 - org.eclipse.datatools.sqltools.editor.core.ui - 1.2.1.201712071719
2019-04-16 22:04:52,217 - org.eclipse.datatools.sqltools.result.ui - 1.3.1.201712071719
2019-04-16 22:04:52,217 - org.eclipse.datatools.sqltools.routineeditor.ui - 1.2.1.201712071719
2019-04-16 22:04:52,217 - org.eclipse.datatools.sqltools.sql.ui - 1.2.1.201712071719
2019-04-16 22:04:52,233 - org.objectweb.asm - 6.0.0.v20180116-1719
2019-04-16 22:04:52,233 - org.eclipse.andmore - 0.5.1.201701251432
2019-04-16 22:04:52,233 - org.eclipse.andmore.base - 0.5.1.201701251432
2019-04-16 22:04:52,233 - org.eclipse.andmore.ddms - 0.5.1.201701251432
2019-04-16 22:04:52,233 - org.eclipse.andmore.overlay - 0.5.1.201701251432
2019-04-16 22:04:52,233 - org.apache.commons.codec - 1.9.0.v20170208-1614
2019-04-16 22:04:52,233 - org.apache.commons.compress - 1.6.0.v201310281400
2019-04-16 22:04:52,233 - org.apache.httpcomponents.httpclient - 4.5.2.v20170210-0925
2019-04-16 22:04:52,233 - org.apache.httpcomponents.httpcore - 4.4.6.v20170210-0925
2019-04-16 22:04:52,248 - org.eclipse.oomph.setup.editor - 1.9.0.v20180203-0645
2019-04-16 22:04:52,248 - org.eclipse.oomph.setup.ui - 1.9.0.v20171221-1140
2019-04-16 22:04:52,248 - org.eclipse.oomph.setup.doc - 1.9.0.v20171221-1140
2019-04-16 22:04:52,248 - org.eclipse.oomph.setup.ui.questionnaire - 1.9.0.v20171221-1140
2019-04-16 22:04:52,248 - org.eclipse.oomph.jreinfo.ui - 1.9.0.v20171221-1140
2019-04-16 22:04:52,264 - org.eclipse.emf.mapping - 2.9.0.v20170609-0928
2019-04-16 22:04:52,264 - org.eclipse.datatools.modelbase.dbdefinition - 1.2.1.201712071719
2019-04-16 22:04:52,280 - org.eclipse.datatools.modelbase.sql.edit - 1.2.1.201712071719
2019-04-16 22:04:52,280 - org.eclipse.datatools.modelbase.sql.query - 1.3.1.201712071719
2019-04-16 22:04:52,280 - org.eclipse.datatools.modelbase.sql.query.edit - 1.2.1.201712071719
2019-04-16 22:04:52,280 - org.eclipse.datatools.modelbase.sql.xml.query - 1.2.1.201712071719
2019-04-16 22:04:52,288 - org.eclipse.datatools.modelbase.sql - 1.2.1.201712071719
2019-04-16 22:04:52,289 - org.eclipse.emf.ecore - 2.13.0.v20170609-0707
2019-04-16 22:04:52,289 - org.eclipse.emf.ecore.change - 2.11.0.v20170609-0707
2019-04-16 22:04:52,289 - org.eclipse.emf.ecore.xmi - 2.13.0.v20170609-0707
2019-04-16 22:04:52,289 - org.eclipse.jgit - 4.9.2.201712150930-r
2019-04-16 22:04:52,289 - org.eclipse.jgit.archive - 4.9.2.201712150930-r
2019-04-16 22:04:52,289 - com.jcraft.jsch - 0.1.54.v20170116-1932
2019-04-16 22:04:52,289 - javaewah - 1.1.6.v20160919-1400
2019-04-16 22:04:52,289 - org.apache.commons.compress - 1.6.0.v201310281400
2019-04-16 22:04:52,289 - org.slf4j.api - 1.7.2.v20121108-1250
2019-04-16 22:04:52,289 - org.slf4j.impl.log4j12 - 1.7.2.v20131105-2200
2019-04-16 22:04:52,289 - org.apache.log4j - 1.2.15.v201012070815
2019-04-16 22:04:52,310 - org.scala.tools.eclipse.search - 0.6.0.v-2_12-201801021356-5a19344
2019-04-16 22:04:52,310 - org.eclipse.mylyn.wikitext.tasks.ui - 3.0.19.201711172000
2019-04-16 22:04:52,310 - org.eclipse.mylyn.wikitext.context.ui - 3.0.19.201711172000
2019-04-16 22:04:52,310 - org.eclipse.emf.mapping.ecore.editor - 2.6.0.v20170609-0928
2019-04-16 22:04:52,310 - org.eclipse.emf.mapping.ecore2ecore.editor - 2.7.0.v20170609-0928
2019-04-16 22:04:52,310 - org.eclipse.emf.mapping.ecore2xml.ui - 2.8.0.v20170609-0928
2019-04-16 22:04:52,326 - org.eclipse.recommenders.mylyn.rcp - 2.5.2.v20180401-1226
2019-04-16 22:04:52,358 - org.apache.ant - 1.10.1.v20170504-0840
2019-04-16 22:04:52,358 - org.eclipse.ant.core - 3.5.0.v20170509-2149
2019-04-16 22:04:52,358 - com.jcraft.jsch - 0.1.54.v20170116-1932
2019-04-16 22:04:52,358 - org.eclipse.compare.core - 3.6.100.v20170516-0820
2019-04-16 22:04:52,358 - org.eclipse.compare - 3.7.101.v20170724-1603
2019-04-16 22:04:52,358 - org.eclipse.compare.win32 - 1.2.0.v20170517-0839
2019-04-16 22:04:52,358 - org.eclipse.core.filebuffers - 3.6.100.v20170203-1130
2019-04-16 22:04:52,358 - org.eclipse.core.filesystem - 1.7.0.v20170406-1337
2019-04-16 22:04:52,358 - org.eclipse.core.net - 1.3.100.v20170516-0820
2019-04-16 22:04:52,358 - org.eclipse.core.net.win32.x86_64 - 1.1.0.v20160323-1650
2019-04-16 22:04:52,358 - org.eclipse.core.resources - 3.12.0.v20170417-1558
2019-04-16 22:04:52,358 - org.eclipse.osgi.util - 3.4.0.v20170111-1608
2019-04-16 22:04:52,358 - org.eclipse.debug.core - 3.11.0.v20170605-1534
2019-04-16 22:04:52,358 - org.eclipse.debug.ui - 3.12.50.v20170920-1329
2019-04-16 22:04:52,358 - org.eclipse.equinox.event - 1.4.0.v20170105-1446
2019-04-16 22:04:52,389 - org.eclipse.ltk.core.refactoring - 3.8.0.v20170105-1156
2019-04-16 22:04:52,389 - org.eclipse.ltk.ui.refactoring - 3.9.0.v20170412-0825
2019-04-16 22:04:52,389 - org.eclipse.platform - 4.7.3.v20180330-0640
2019-04-16 22:04:52,389 - org.eclipse.platform.doc.user - 4.7.3.v20180328-1557
2019-04-16 22:04:52,389 - org.eclipse.search - 3.11.100.v20170515-1603
2019-04-16 22:04:52,389 - org.eclipse.team.core - 3.8.100.v20170516-0820
2019-04-16 22:04:52,389 - org.eclipse.team.ui - 3.8.1.v20170515-1133
2019-04-16 22:04:52,389 - org.eclipse.text - 3.6.100.v20170203-0814
2019-04-16 22:04:52,389 - org.eclipse.jface.text - 3.12.2.v20180112-1341
2019-04-16 22:04:52,389 - org.eclipse.jsch.core - 1.3.0.v20160422-1917
2019-04-16 22:04:52,389 - org.eclipse.jsch.ui - 1.3.0.v20160323-1650
2019-04-16 22:04:52,389 - org.eclipse.ui.console - 3.7.1.v20170728-0806
2019-04-16 22:04:52,389 - org.eclipse.ui.intro - 3.5.100.v20170418-0710
2019-04-16 22:04:52,389 - org.eclipse.ui.intro.universal - 3.3.100.v20170515-1335
2019-04-16 22:04:52,389 - org.eclipse.ui.cheatsheets - 3.5.100.v20170515-0748
2019-04-16 22:04:52,389 - org.eclipse.ui.browser - 3.6.100.v20170418-1342
2019-04-16 22:04:52,389 - org.eclipse.ui.genericeditor - 1.0.2.v20180126-0718
2019-04-16 22:04:52,389 - org.eclipse.ui.monitoring - 1.1.100.v20170131-1736
2019-04-16 22:04:52,389 - org.eclipse.ui.navigator - 3.7.0.v20170418-1342
2019-04-16 22:04:52,389 - org.eclipse.ui.navigator.resources - 3.6.1.v20170823-1443
2019-04-16 22:04:52,389 - org.eclipse.ui.net - 1.3.100.v20170516-0820
2019-04-16 22:04:52,389 - org.eclipse.ui.workbench.texteditor - 3.10.100.v20170426-2021
2019-04-16 22:04:52,404 - org.eclipse.ui.views - 3.9.0.v20170226-1833
2019-04-16 22:04:52,404 - org.eclipse.ui.editors - 3.11.0.v20170202-1823
2019-04-16 22:04:52,404 - org.eclipse.ui.externaltools - 3.4.0.v20161212-0515
2019-04-16 22:04:52,404 - org.eclipse.ui.ide - 3.13.1.v20170822-1526
2019-04-16 22:04:52,404 - org.eclipse.ui.ide.application - 1.2.0.v20170512-1452
2019-04-16 22:04:52,404 - org.eclipse.ui.win32 - 3.3.0.v20160505-1310
2019-04-16 22:04:52,404 - org.eclipse.core.resources.win32.x86_64 - 3.5.100.v20170516-0925
2019-04-16 22:04:52,404 - org.eclipse.core.filesystem.win32.x86_64 - 1.4.0.v20140124-1940
2019-04-16 22:04:52,404 - org.eclipse.core.variables - 3.4.0.v20170113-2056
2019-04-16 22:04:52,404 - org.eclipse.ui.forms - 3.7.101.v20170815-1446
2019-04-16 22:04:52,404 - org.eclipse.ui.views.properties.tabbed - 3.8.1.v20170713-0803
2019-04-16 22:04:52,404 - org.eclipse.equinox.security - 1.2.300.v20170505-1235
2019-04-16 22:04:52,404 - org.eclipse.equinox.security.ui - 1.1.400.v20170505-1235
2019-04-16 22:04:52,404 - org.eclipse.equinox.security.win32.x86_64 - 1.0.100.v20130327-1442
2019-04-16 22:04:52,404 - org.eclipse.core.externaltools - 1.1.0.v20170113-2056
2019-04-16 22:04:52,415 - org.eclipse.ui.themes - 1.2.1.v20170809-1435
2019-04-16 22:04:52,415 - org.eclipse.core.runtime - 3.13.0.v20170207-1030
2019-04-16 22:04:52,415 - org.eclipse.ui.intro.quicklinks - 1.0.100.v20170515-0756
2019-04-16 22:04:52,415 - org.eclipse.team.genericeditor.diff.extension - 1.0.1.v20170809-1356
2019-04-16 22:04:52,415 - org.eclipse.mylyn.discovery.core - 3.23.0.v20170411-1844
2019-04-16 22:04:52,415 - org.eclipse.mylyn.discovery.ui - 3.23.0.v20170411-1844
2019-04-16 22:04:52,415 - org.eclipse.emf.ecore.edit - 2.9.0.v20170609-0928
2019-04-16 22:04:52,415 - org.eclipse.emf.ecore.change.edit - 2.6.0.v20170609-0928
2019-04-16 22:04:52,432 - org.eclipse.sequoyah.vnc.protocol - 2.1.0.N20120718-0509
2019-04-16 22:04:52,432 - org.eclipse.mylyn.versions.core - 1.15.0.v20170411-2003
2019-04-16 22:04:52,432 - org.eclipse.mylyn.versions.ui - 1.15.0.v20170411-2003
2019-04-16 22:04:52,432 - org.eclipse.emf.mapping.ecore - 2.6.0.v20170609-0928
2019-04-16 22:04:52,432 - org.eclipse.emf.mapping.ecore2ecore - 2.9.0.v20170609-0928
2019-04-16 22:04:52,447 - org.eclipse.emf.mapping.ecore2xml - 2.9.0.v20170609-0928
2019-04-16 22:04:52,448 - org.eclipse.wst.jsdt.chromium.debug.core - 0.5.300.v201705091354
2019-04-16 22:04:52,448 - org.eclipse.wst.jsdt.chromium.debug.ui - 0.6.200.v201701261810
2019-04-16 22:04:52,448 - org.eclipse.wst.jsdt.chromium.debug.js - 0.1.200.v201610211901
2019-04-16 22:04:52,448 - org.eclipse.wst.jsdt.chromium.debug - 0.4.0.v201605131737
2019-04-16 22:04:52,448 - org.eclipse.wst.jsdt.chromium - 0.5.200.v201610211901
2019-04-16 22:04:52,448 - org.eclipse.wst.jsdt.chromium.debug.jsdtbridge - 0.5.200.v201610211901
2019-04-16 22:04:52,448 - org.eclipse.wst.jsdt.chromium.wip.eclipse - 0.5.200.v201610212001
2019-04-16 22:04:52,448 - org.eclipse.wst.jsdt.chromium.wipbackend.dev - 0.5.200.v201610212001
2019-04-16 22:04:52,448 - org.eclipse.wst.jsdt.chromium.wipbackend.protocol_1_0 - 0.5.200.v201610212001
2019-04-16 22:04:52,535 - org.scalaide.worksheet - 0.8.0.v-2_12-201801021348-8ec1baf
2019-04-16 22:04:52,540 - org.eclipse.andmore.traceview - 0.5.1.201701251432
2019-04-16 22:04:52,544 - org.eclipse.mylyn.wikitext - 3.0.19.20171117145831
2019-04-16 22:04:52,544 - org.eclipse.mylyn.wikitext.ant - 3.0.19.20171117145831
2019-04-16 22:04:52,544 - org.eclipse.mylyn.wikitext.osgi - 3.0.19.201711172000
2019-04-16 22:04:52,544 - org.eclipse.mylyn.wikitext.asciidoc - 3.0.19.20171117145831
2019-04-16 22:04:52,544 - org.eclipse.mylyn.wikitext.textile - 3.0.19.20171117145831
2019-04-16 22:04:52,544 - org.eclipse.mylyn.wikitext.html - 3.0.19.20171117145831
2019-04-16 22:04:52,544 - org.eclipse.mylyn.wikitext.markdown - 3.0.19.20171117145831
2019-04-16 22:04:52,544 - org.eclipse.mylyn.wikitext.mediawiki - 3.0.19.20171117145831
2019-04-16 22:04:52,544 - org.eclipse.mylyn.wikitext.confluence - 3.0.19.20171117145831
2019-04-16 22:04:52,544 - org.eclipse.mylyn.wikitext.tracwiki - 3.0.19.20171117145831
2019-04-16 22:04:52,544 - org.eclipse.mylyn.wikitext.twiki - 3.0.19.20171117145831
2019-04-16 22:04:52,544 - org.eclipse.mylyn.wikitext.ui - 3.0.19.201711172000
2019-04-16 22:04:52,544 - org.eclipse.mylyn.wikitext.help.ui - 3.0.19.201711172000
2019-04-16 22:04:52,544 - org.eclipse.mylyn.wikitext.asciidoc.ui - 3.0.19.201711172000
2019-04-16 22:04:52,560 - org.eclipse.mylyn.wikitext.textile.ui - 3.0.19.201711172000
2019-04-16 22:04:52,561 - org.eclipse.mylyn.wikitext.markdown.ui - 3.0.19.201711172000
2019-04-16 22:04:52,562 - org.eclipse.mylyn.wikitext.mediawiki.ui - 3.0.19.201711172000
2019-04-16 22:04:52,562 - org.eclipse.mylyn.wikitext.confluence.ui - 3.0.19.201711172000
2019-04-16 22:04:52,564 - org.eclipse.mylyn.wikitext.tracwiki.ui - 3.0.19.201711172000
2019-04-16 22:04:52,565 - org.eclipse.mylyn.wikitext.twiki.ui - 3.0.19.201711172000
2019-04-16 22:04:52,565 - org.eclipse.sequoyah.localization.android - 2.1.0.N20120718-0509
2019-04-16 22:04:52,565 - org.eclipse.sequoyah.localization.android.help - 2.1.1.N20120718-0509
2019-04-16 22:04:52,574 - org.eclipse.m2e.logback.configuration - 1.8.3.20180227-2137
2019-04-16 22:04:52,574 - org.eclipse.m2e.logback.appender - 1.8.3.20180227-2137
2019-04-16 22:04:52,574 - org.eclipse.emf.codegen - 2.12.0.v20170609-0928
2019-04-16 22:04:52,574 - org.eclipse.wst.dtd.ui - 1.0.801.v201308100602
2019-04-16 22:04:52,574 - org.eclipse.wst.dtd.ui.infopop - 1.0.400.v201707252002
2019-04-16 22:04:52,588 - org.eclipse.wst.sse.ui.infopop - 1.0.300.v201707252002
2019-04-16 22:04:52,588 - org.eclipse.wst.xml.ui.infopop - 1.0.400.v201707252002
2019-04-16 22:04:52,588 - org.eclipse.wst.sse.ui - 1.3.600.v201707042340
2019-04-16 22:04:52,588 - org.eclipse.wst.xml.ui - 1.1.800.v201704102213
2019-04-16 22:04:52,588 - org.eclipse.wst.xsd.ui - 1.2.602.v201801171858
2019-04-16 22:04:52,588 - org.eclipse.datatools.doc.user - 1.7.0.20090521092446
2019-04-16 22:04:52,588 - org.eclipse.datatools.oda.cshelp - 1.3.1.201712071719
2019-04-16 22:04:52,588 - org.eclipse.datatools.help - 1.7.1.201712071719
2019-04-16 22:04:52,588 - org.eclipse.emf - 2.6.0.v20170609-0928
2019-04-16 22:04:52,610 - com.objectaid.uml.seq - 1.2.3
2019-04-16 22:04:52,610 - com.objectaid.uml.seq.java - 1.2.3
2019-04-16 22:04:52,610 - com.objectaid.uml - 1.2.3
2019-04-16 22:04:52,610 - com.objectaid.uml.java - 1.2.3
2019-04-16 22:04:52,610 - org.eclipse.userstorage - 1.1.0.v20170328-0205
2019-04-16 22:04:52,610 - org.eclipse.userstorage.ui - 1.0.2.v20170526-1605
2019-04-16 22:04:52,610 - org.eclipse.userstorage.oauth - 1.0.0.v20170526-1605
2019-04-16 22:04:52,610 - org.eclipse.mylyn.tasks.bugs - 3.23.1.v20170623-0008
2019-04-16 22:04:52,610 - org.eclipse.mylyn.help.ui - 3.23.1.v20170623-0008
2019-04-16 22:04:52,626 - org.eclipse.draw2d - 3.10.100.201606061308
2019-04-16 22:04:52,626 - org.eclipse.emf.edit - 2.12.0.v20170609-0928
2019-04-16 22:04:52,646 - org.eclipse.mylyn.commons.core - 3.23.0.v20170411-1844
2019-04-16 22:04:52,646 - org.eclipse.mylyn.commons.screenshots - 3.23.0.v20170411-1844
2019-04-16 22:04:52,646 - org.eclipse.mylyn.commons.ui - 3.23.0.v20170411-1844
2019-04-16 22:04:52,646 - org.eclipse.mylyn.commons.workbench - 3.23.0.v20170503-0014
2019-04-16 22:04:52,646 - org.eclipse.eclemma.core - 3.1.0.201804041601
2019-04-16 22:04:52,646 - org.eclipse.eclemma.doc - 3.1.0.201804041601
2019-04-16 22:04:52,646 - org.eclipse.eclemma.ui - 3.1.0.201804041601
2019-04-16 22:04:52,646 - org.jacoco.agent - 0.8.1.v20180329-2024
2019-04-16 22:04:52,646 - org.jacoco.core - 0.8.1.v20180329-2024
2019-04-16 22:04:52,646 - org.jacoco.report - 0.8.1.v20180329-2024
2019-04-16 22:04:52,646 - org.objectweb.asm - 6.0.0.v20180116-1719
2019-04-16 22:04:52,661 - org.objectweb.asm.commons - 6.0.0.v20180116-1719
2019-04-16 22:04:52,661 - org.objectweb.asm.tree - 6.0.0.v20180116-1719
2019-04-16 22:04:52,661 - org.eclipse.mylyn.bugzilla.ide - 3.23.0.v20170411-2108
2019-04-16 22:04:52,661 - org.eclipse.mylyn.ide.ui - 3.23.0.v20170411-2108
2019-04-16 22:04:52,670 - org.eclipse.wst.json.ui - 1.0.100.v201612232120
2019-04-16 22:04:52,671 - org.eclipse.wst.json.bower.ui - 1.0.0.v201605201503
2019-04-16 22:04:52,672 - org.eclipse.wst.json.eslint.ui - 1.0.0.v201605201503
2019-04-16 22:04:52,673 - org.eclipse.wst.json.jshint.ui - 1.0.0.v201605201503
2019-04-16 22:04:52,673 - org.eclipse.wst.json.npm.ui - 1.0.0.v201605201503
2019-04-16 22:04:52,673 - org.eclipse.emf.databinding.edit - 1.3.0.v20170609-0928
2019-04-16 22:04:52,673 - org.eclipse.emf.codegen.ecore - 2.13.0.v20170609-0928
2019-04-16 22:04:52,673 - org.eclipse.emf.ant - 2.8.0.v20170609-0928
2019-04-16 22:04:52,708 - org.eclipse.m2e.archetype.common - 1.8.3.20180227-2135
2019-04-16 22:04:52,712 - org.eclipse.m2e.maven.indexer - 1.8.3.20180227-2135
2019-04-16 22:04:52,712 - org.eclipse.m2e.model.edit - 1.8.3.20180227-2137
2019-04-16 22:04:52,712 - org.eclipse.m2e.core - 1.8.3.20180227-2137
2019-04-16 22:04:52,717 - org.eclipse.m2e.launching - 1.8.3.20180227-2137
2019-04-16 22:04:52,717 - org.eclipse.m2e.workspace.cli - 0.3.1
2019-04-16 22:04:52,718 - org.eclipse.m2e.jdt - 1.8.3.20180227-2137
2019-04-16 22:04:52,719 - org.eclipse.m2e.editor - 1.8.3.20180227-2137
2019-04-16 22:04:52,720 - org.eclipse.m2e.editor.xml - 1.8.3.20180227-2137
2019-04-16 22:04:52,764 - org.eclipse.m2e.maven.runtime - 1.8.3.20180227-2135
2019-04-16 22:04:52,765 - org.eclipse.m2e.maven.runtime.slf4j.simple - 1.8.3.20180227-2135
2019-04-16 22:04:52,766 - org.eclipse.m2e.refactoring - 1.8.3.20180227-2137
2019-04-16 22:04:52,767 - org.eclipse.m2e.lifecyclemapping.defaults - 1.8.3.20180227-2137
2019-04-16 22:04:52,767 - org.eclipse.m2e.discovery - 1.8.3.20180227-2137
2019-04-16 22:04:52,767 - org.eclipse.m2e.core.ui - 1.8.3.20180227-2137
2019-04-16 22:04:52,767 - org.eclipse.m2e.scm - 1.8.3.20180227-2137
2019-04-16 22:04:52,767 - org.eclipse.m2e.jdt.ui - 1.8.3.20180227-2137
2019-04-16 22:04:52,767 - org.eclipse.m2e.profiles.core - 1.8.3.20180227-2137
2019-04-16 22:04:52,767 - org.eclipse.m2e.profiles.ui - 1.8.3.20180227-2137
2019-04-16 22:04:52,772 - org.eclipse.m2e.importer - 1.8.3.20180227-2137
2019-04-16 22:04:52,775 - org.eclipse.andmore.ndk - 0.5.1.201701251432
2019-04-16 22:04:52,779 - org.eclipse.andmore.gldebugger - 0.5.1.201701251432
2019-04-16 22:04:52,779 - org.eclipse.mylyn.hudson.core - 1.15.0.v20170411-2141
2019-04-16 22:04:52,779 - org.eclipse.mylyn.hudson.ui - 1.15.0.v20170411-2141
2019-04-16 22:04:52,779 - org.apache.commons.lang - 2.6.0.v201404270220
2019-04-16 22:04:52,779 - org.eclipse.xtext.ui - 2.12.0.v20170519-0809
2019-04-16 22:04:52,779 - org.eclipse.xtext.common.types.ui - 2.12.0.v20170519-0809
2019-04-16 22:04:52,779 - org.eclipse.xtext.common.types.shared - 2.12.0.v20170519-0809
2019-04-16 22:04:52,779 - org.eclipse.xtext.common.types.shared.jdt38 - 2.12.0.v20170519-0809
2019-04-16 22:04:52,779 - org.eclipse.xtext.ui.shared - 2.12.0.v20170519-0809
2019-04-16 22:04:52,779 - org.eclipse.xtext.ui.ecore - 2.12.0.v20170519-0809
2019-04-16 22:04:52,779 - org.eclipse.xtext.ui.codetemplates - 2.12.0.v20170519-0809
2019-04-16 22:04:52,779 - org.eclipse.xtext.ui.codetemplates.ui - 2.12.0.v20170519-0809
2019-04-16 22:04:52,799 - org.eclipse.xtext.common.types.edit - 2.12.0.v20170519-0809
2019-04-16 22:04:52,799 - org.eclipse.xtext.ide - 2.12.0.v20170518-0959
2019-04-16 22:04:52,803 - org.eclipse.epp.mpc.core - 1.6.4.v20180214-1810
2019-04-16 22:04:52,803 - org.eclipse.epp.mpc.core.win32 - 1.6.4.v20180214-1800
2019-04-16 22:04:52,804 - org.eclipse.epp.mpc.ui - 1.6.4.v20180214-1800
2019-04-16 22:04:52,804 - org.eclipse.epp.mpc.help.ui - 1.6.4.v20180214-1800
2019-04-16 22:04:52,804 - org.eclipse.mylyn.git.core - 1.15.0.v20170411-2003
2019-04-16 22:04:52,804 - org.eclipse.mylyn.git.ui - 1.15.0.v20170411-2003
2019-04-16 22:04:52,811 - org.eclipse.datatools.connectivity.oda.consumer - 3.4.1.201712071719
2019-04-16 22:04:52,811 - org.eclipse.datatools.connectivity.oda.design - 3.5.1.201712071719
2019-04-16 22:04:52,811 - org.eclipse.datatools.connectivity.oda.profile - 3.4.1.201712071719
2019-04-16 22:04:52,811 - org.eclipse.datatools.connectivity.oda - 3.6.1.201712071719
2019-04-16 22:04:52,811 - org.eclipse.datatools.connectivity - 1.14.1.201712071719
2019-04-16 22:04:52,811 - org.eclipse.andmore.android.certmanager - 0.5.1.201701251432
2019-04-16 22:04:52,811 - org.eclipse.epp.package.java - 4.7.3.20180405-1200
2019-04-16 22:04:52,811 - org.eclipse.recommenders.snipmatch - 2.5.2.v20180401-1226
2019-04-16 22:04:52,811 - org.eclipse.recommenders.snipmatch.rcp - 2.5.2.v20180401-1226
2019-04-16 22:04:52,848 - org.scala-lang.scala-library - 2.12.3.v20170725-052526-VFINAL-6ac6da8
2019-04-16 22:04:52,848 - org.scala-lang.scala-compiler - 2.12.3.v20170725-052526-VFINAL-6ac6da8
2019-04-16 22:04:52,848 - org.scala-lang.scala-reflect - 2.12.3.v20170725-052526-VFINAL-6ac6da8
2019-04-16 22:04:52,848 - org.scala-lang.modules.scala-xml - 1.0.6
2019-04-16 22:04:52,848 - org.scala-lang.modules.scala-parser-combinators - 1.0.6
2019-04-16 22:04:52,848 - org.scala-ide.scala210.jars - 4.7.1.201801021322
2019-04-16 22:04:52,848 - org.scala-ide.scala211.jars - 4.7.1.201801021322
2019-04-16 22:04:52,848 - org.eclipse.cdt.gdb - 7.0.0.201802261533
2019-04-16 22:04:52,848 - org.eclipse.cdt.gdb.ui - 7.0.0.201802261533
2019-04-16 22:04:52,877 - com.objectaid.uml - 1.2.3
2019-04-16 22:04:52,877 - com.objectaid.uml.java - 1.2.3
2019-04-16 22:04:52,878 - com.objectaid.uml.cls - 1.2.3
2019-04-16 22:04:52,878 - com.objectaid.uml.cls.java - 1.2.3
2019-04-16 22:04:52,878 - org.eclipse.pde - 3.13.4.v20180330-0640
2019-04-16 22:04:52,878 - org.eclipse.pde.build - 3.9.300.v20170515-0912
2019-04-16 22:04:52,878 - org.eclipse.pde.core - 3.11.101.v20171228-1230
2019-04-16 22:04:52,878 - org.eclipse.pde.junit.runtime - 3.5.50.v20170923-0844
2019-04-16 22:04:52,878 - org.eclipse.pde.runtime - 3.6.0.v20170413-1620
2019-04-16 22:04:52,878 - org.eclipse.pde.ui - 3.10.100.v20180322-0726
2019-04-16 22:04:52,878 - org.eclipse.pde.doc.user - 3.13.75.v20180328-1557
2019-04-16 22:04:52,878 - org.eclipse.pde.ui.templates - 3.6.100.v20170515-0910
2019-04-16 22:04:52,878 - org.eclipse.ui.views.log - 1.2.100.v20170515-1458
2019-04-16 22:04:52,878 - org.objectweb.asm - 6.0.0.v20180116-1719
2019-04-16 22:04:52,878 - org.objectweb.asm.tree - 6.0.0.v20180116-1719
2019-04-16 22:04:52,878 - org.eclipse.pde.api.tools - 1.1.150.v20180328-0710
2019-04-16 22:04:52,878 - org.eclipse.pde.api.tools.annotations - 1.1.0.v20170118-0848
2019-04-16 22:04:52,878 - org.eclipse.pde.api.tools.ui - 1.1.101.v20170810-1621
2019-04-16 22:04:52,878 - org.eclipse.pde.ds.core - 1.1.100.v20170515-0910
2019-04-16 22:04:52,895 - org.eclipse.pde.ds.ui - 1.1.100.v20170515-0910
2019-04-16 22:04:52,903 - org.eclipse.pde.launching - 3.7.52.v20171222-1119
2019-04-16 22:04:52,903 - org.eclipse.pde.ua.core - 1.1.0.v20170201-2036
2019-04-16 22:04:52,903 - org.eclipse.pde.ua.ui - 1.1.100.v20170515-0910
2019-04-16 22:04:52,903 - org.eclipse.ui.trace - 1.1.0.v20170201-2036
2019-04-16 22:04:52,903 - org.eclipse.pde.ds.annotations - 1.1.1.v20180301-1154
2019-04-16 22:04:52,903 - org.eclipse.pde.genericeditor.extension - 1.0.0.v20170315-0955
2019-04-16 22:04:52,919 - org.eclipse.pde.ds.lib - 1.1.0.v20170303-1624
2019-04-16 22:04:52,924 - org.eclipse.pde.ds1_2.lib - 1.0.0.v20170303-1624
2019-04-16 22:04:52,924 - org.eclipse.tools.layout.spy - 1.0.0.v20170428-1608
2019-04-16 22:04:52,924 - org.eclipse.sequoyah.localization.tools - 2.1.0.N20120718-0509
2019-04-16 22:04:52,924 - org.eclipse.sequoyah.localization.editor - 2.1.0.N20120718-0509
2019-04-16 22:04:52,924 - org.eclipse.datatools.sqltools.parsers.sql.lexer - 1.2.1.201712071719
2019-04-16 22:04:52,924 - org.eclipse.datatools.sqltools.parsers.sql.query - 1.4.1.201712071719
2019-04-16 22:04:52,924 - org.eclipse.datatools.sqltools.parsers.sql.xml.query - 1.2.1.201712071719
2019-04-16 22:04:52,924 - org.eclipse.datatools.sqltools.parsers.sql - 1.2.1.201712071719
2019-04-16 22:04:52,940 - org.eclipse.mylyn.java.ui - 3.23.0.v20170411-2108
2019-04-16 22:04:52,940 - org.eclipse.mylyn.java.tasks - 3.23.0.v20170411-2108
2019-04-16 22:04:52,940 - org.eclipse.mylyn.ide.ui - 3.23.0.v20170411-2108
2019-04-16 22:04:52,940 - org.eclipse.mylyn.ide.ant - 3.23.0.v20170411-2108
2019-04-16 22:04:52,940 - org.eclipse.mylyn.debug.ui - 3.23.0.v20170411-2108
2019-04-16 22:04:52,940 - org.eclipse.mylyn.team.ui - 3.23.0.v20170411-2108
2019-04-16 22:04:52,951 - org.eclipse.xtext.activities - 2.12.0.v20170519-0809
2019-04-16 22:04:52,977 - org.eclipse.xtext.xtext.ui - 2.12.0.v20170519-0809
2019-04-16 22:04:52,992 - org.eclipse.xtext.xtext.ui.graph - 2.12.0.v20170519-0809
2019-04-16 22:04:52,992 - org.eclipse.xtext.doc - 2.12.0.v20170519-0809
2019-04-16 22:04:52,992 - org.eclipse.emf.common.ui - 2.12.0.v20170609-0928
2019-04-16 22:04:52,992 - org.eclipse.datatools.sqltools.sql - 1.2.1.201712071719
2019-04-16 22:04:52,992 - org.eclipse.datatools.sqltools.common.ui - 1.2.1.201712071719
2019-04-16 22:04:52,992 - org.eclipse.datatools.sqltools.plan - 1.2.1.201712071719
2019-04-16 22:04:52,992 - org.eclipse.datatools.sqltools.editor.core - 1.2.1.201712071719
2019-04-16 22:04:52,992 - org.eclipse.datatools.sqltools.sqleditor - 1.2.1.201712071719
2019-04-16 22:04:52,992 - org.eclipse.datatools.sqltools.ddlgen.ui - 1.2.1.201712071719
2019-04-16 22:04:52,992 - org.eclipse.datatools.connectivity.db.generic - 1.2.1.201712071719
2019-04-16 22:04:52,992 - org.eclipse.datatools.sqltools.editor.core.ui - 1.2.1.201712071719
2019-04-16 22:04:52,992 - org.eclipse.datatools.sqltools.sql.ui - 1.2.1.201712071719
2019-04-16 22:04:52,992 - org.eclipse.mylyn.commons.repositories.core - 1.15.0.v20170411-1844
2019-04-16 22:04:52,992 - org.eclipse.mylyn.commons.repositories.ui - 1.15.0.v20170411-1844
2019-04-16 22:04:53,014 - org.eclipse.sequoyah.device.common.utilities - 2.1.0.N20120718-0509
2019-04-16 22:04:53,016 - org.eclipse.andmore.android.common - 0.5.1.201701251432
2019-04-16 22:04:53,016 - org.eclipse.andmore.android.codeutils - 0.5.1.201701251432
2019-04-16 22:04:53,016 - org.eclipse.andmore.android.translation - 0.5.1.201701251432
2019-04-16 22:04:53,016 - org.eclipse.andmore.android.codesnippets - 0.5.1.201701251432
2019-04-16 22:04:53,016 - org.eclipse.andmore.android.db.core - 0.5.1.201701251432
2019-04-16 22:04:53,016 - org.eclipse.andmore.android.logger - 0.5.1.201701251432
2019-04-16 22:04:53,016 - org.eclipse.andmore.android - 0.5.1.201701251432
2019-04-16 22:04:53,016 - org.eclipse.andmore.android.emulator - 0.5.1.201701251432
2019-04-16 22:04:53,016 - org.eclipse.andmore.android.launch - 0.5.1.201701251432
2019-04-16 22:04:53,016 - org.eclipse.andmore.android.packaging.ui - 0.5.1.201701251432
2019-04-16 22:04:53,016 - org.eclipse.andmore.android.handset - 0.5.1.201701251432
2019-04-16 22:04:53,016 - org.eclipse.andmore.android.remote - 0.5.1.201701251432
2019-04-16 22:04:53,016 - org.eclipse.andmore.android.win32.x86_64 - 0.5.1.201701251432
2019-04-16 22:04:53,016 - org.eclipse.andmore.android.mat - 0.5.1.201701251432
2019-04-16 22:04:53,032 - org.eclipse.andmore.android.devices.services - 0.5.1.201701251432
2019-04-16 22:04:53,032 - org.eclipse.andmore.android.db.devices - 0.5.1.201701251432
2019-04-16 22:04:53,032 - org.eclipse.andmore.android.installer - 0.5.1.201701251432
2019-04-16 22:04:53,032 - org.eclipse.andmore.android.logger.collector - 0.5.1.201701251432
2019-04-16 22:04:53,045 - org.eclipse.emf.mapping.ui - 2.7.0.v20170609-0928
2019-04-16 22:04:53,045 - org.eclipse.mylyn.monitor.core - 3.23.0.v20170411-1844
2019-04-16 22:04:53,045 - org.eclipse.mylyn.monitor.ui - 3.23.0.v20170411-1844
2019-04-16 22:04:53,045 - org.eclipse.xtext.purexbase - 2.12.0.v20170519-0752
2019-04-16 22:04:53,045 - org.eclipse.xtext.purexbase.ide - 2.12.0.v20170519-0752
2019-04-16 22:04:53,045 - org.eclipse.xtext.purexbase.ui - 2.12.0.v20170519-0809
2019-04-16 22:04:53,045 - org.eclipse.xtext.m2e - 2.12.0.v20170519-0809
2019-04-16 22:04:53,045 - org.eclipse.xtext.idea.generator - 2.12.0.v20170519-0809
2019-04-16 22:04:53,063 - org.scala-ide.zinc.library - 1.0.0.v-2_12-201801021322-2dfe808
2019-04-16 22:04:53,063 - org.scala-ide.zinc.compiler.bridge - 1.0.0.v-201801021322-2dfe808
2019-04-16 22:04:53,078 - org.eclipse.datatools.connectivity.oda.template.ui - 3.4.1.201712071719
2019-04-16 22:04:53,078 - org.eclipse.sequoyah.vnc.vncviewer - 2.1.0.N20120718-0509
2019-04-16 22:04:53,094 - org.eclipse.emf.codegen.ecore.ui - 2.13.0.v20170609-0928
2019-04-16 22:04:53,094 - org.eclipse.emf.ecore.editor - 2.13.0.v20170609-0928
2019-04-16 22:04:53,094 - org.eclipse.mylyn.builds.core - 1.15.0.v20170411-2141
2019-04-16 22:04:53,094 - org.eclipse.mylyn.builds.ui - 1.15.0.v20170411-2141
2019-04-16 22:04:53,094 - org.eclipse.mylyn.context.core - 3.23.0.v20170411-2108
2019-04-16 22:04:53,110 - org.eclipse.mylyn.context.ui - 3.23.0.v20170414-0629
2019-04-16 22:04:53,110 - org.eclipse.mylyn.resources.ui - 3.23.0.v20170411-2108
2019-04-16 22:04:53,110 - org.eclipse.mylyn.context.tasks.ui - 3.23.0.v20170411-2108
2019-04-16 22:04:53,110 - org.eclipse.emf.databinding - 1.3.0.v20170609-0928
2019-04-16 22:04:53,110 - org.eclipse.datatools.connectivity.sqm.core.ui - 1.4.1.201712071719
2019-04-16 22:04:53,110 - org.eclipse.datatools.connectivity.sqm.core - 1.4.1.201712071719
2019-04-16 22:04:53,110 - org.eclipse.datatools.connectivity.sqm.server.ui - 1.3.1.201712071719
2019-04-16 22:04:53,110 - org.eclipse.datatools.connectivity.ui.dse - 1.3.1.201712071719
2019-04-16 22:04:53,110 - org.eclipse.datatools.connectivity.ui - 1.4.1.201712071719
2019-04-16 22:04:53,110 - org.eclipse.datatools.connectivity - 1.14.1.201712071719
2019-04-16 22:04:53,110 - org.eclipse.datatools.help - 1.7.1.201712071719
2019-04-16 22:04:53,110 - org.eclipse.datatools.connectivity.console.profile - 1.2.1.201712071719
2019-04-16 22:04:53,110 - org.eclipse.recommenders.news - 2.5.2.v20180401-1226
2019-04-16 22:04:53,125 - org.eclipse.recommenders.news.api - 2.5.2.v20180401-1226
2019-04-16 22:04:53,125 - org.eclipse.recommenders.news.impl - 2.5.2.v20180401-1226
2019-04-16 22:04:53,125 - org.eclipse.recommenders.news.rcp - 2.5.2.v20180401-1226
2019-04-16 22:04:53,141 - org.eclipse.oomph.setup - 1.9.0.v20180203-0645
2019-04-16 22:04:53,141 - org.eclipse.oomph.setup.edit - 1.9.0.v20180308-1210
2019-04-16 22:04:53,141 - org.eclipse.oomph.setup.core - 1.9.0.v20180310-0545
2019-04-16 22:04:53,141 - org.eclipse.oomph.setup.sync - 1.9.0.v20171221-1140
2019-04-16 22:04:53,141 - org.eclipse.oomph.setup.p2 - 1.9.0.v20171221-1140
2019-04-16 22:04:53,152 - org.eclipse.oomph.setup.p2.edit - 1.9.0.v20171221-1140
2019-04-16 22:04:53,152 - org.eclipse.oomph.preferences - 1.9.0.v20171221-1140
2019-04-16 22:04:53,152 - org.eclipse.oomph.jreinfo - 1.9.0.v20171221-1140
2019-04-16 22:04:53,152 - org.eclipse.oomph.jreinfo.win32.x86_64 - 1.2.0.v20160426-0508
2019-04-16 22:04:53,152 - org.eclipse.oomph.extractor.lib - 1.4.0.v20171221-1140
2019-04-16 22:04:53,152 - org.eclipse.wst.jsdt.core - 2.0.301.v201710051729
2019-04-16 22:04:53,152 - org.eclipse.wst.jsdt.manipulation - 1.0.601.v201602241911
2019-04-16 22:04:53,152 - org.eclipse.wst.jsdt.ui - 2.0.301.v201710051729
2019-04-16 22:04:53,167 - org.eclipse.wst.jsdt.support.firefox - 1.0.501.v201602241911
2019-04-16 22:04:53,167 - org.eclipse.wst.jsdt.support.ie - 1.0.601.v201602241911
2019-04-16 22:04:53,167 - org.eclipse.wst.jsdt.doc - 2.0.200.v201710302345
2019-04-16 22:04:53,167 - org.eclipse.wst.jsdt.debug.core - 3.2.200.v201610211901
2019-04-16 22:04:53,167 - org.eclipse.wst.jsdt.debug.transport - 1.0.300.v201502261613
2019-04-16 22:04:53,167 - org.eclipse.wst.jsdt.debug.crossfire - 1.0.500.v201505071819
2019-04-16 22:04:53,167 - org.eclipse.wst.jsdt.debug.rhino - 1.0.500.v201605251607
2019-04-16 22:04:53,167 - org.eclipse.wst.jsdt.debug.rhino.debugger - 1.0.600.v201604292217
2019-04-16 22:04:53,167 - org.eclipse.wst.jsdt.debug.ui - 1.0.600.v201605311817
2019-04-16 22:04:53,167 - org.mozilla.javascript - 1.7.5.v201504281450
2019-04-16 22:04:53,167 - com.google.guava - 21.0.0.v20170206-1425
2019-04-16 22:04:53,167 - com.google.javascript - 0.0.20160315.v20161124-1903
